#
# A fatal error has been detected by the Java Runtime Environment:
#
#  SIGSEGV (0xb) at pc=0x00007fffb1718689, pid=1178, tid=0x0000000000001c03
#
# JRE version: Java(TM) SE Runtime Environment (8.0_111-b14) (build 1.8.0_111-b14)
# Java VM: Java HotSpot(TM) 64-Bit Server VM (25.111-b14 mixed mode bsd-amd64 compressed oops)
# Problematic frame:
# C  [GLEngine+0x157689]  gleRunVertexSubmitImmediate+0x3079
#
# Failed to write core dump. Core dumps have been disabled. To enable core dumping, try "ulimit -c unlimited" before starting Java again
#
# If you would like to submit a bug report, please visit:
#   http://bugreport.java.com/bugreport/crash.jsp
# The crash happened outside the Java Virtual Machine in native code.
# See problematic frame for where to report the bug.
#

---------------  T H R E A D  ---------------

Current thread (0x00007fe2e1807800):  JavaThread "main" [_thread_in_native, id=7171, stack(0x00007000044b6000,0x00007000045b6000)]

siginfo: si_signo: 11 (SIGSEGV), si_code: 1 (SEGV_MAPERR), si_addr: 0x0000000000000000

Registers:
RAX=0x0000000000000000, RBX=0x0000000000000034, RCX=0x00007fffb1718d28, RDX=0x0000000000000006
RSP=0x00007000045b5370, RBP=0x00007000045b5600, RSI=0x00007fffb1718cd8, RDI=0x0000000000000000
R8 =0x0000003401009803, R9 =0x00007fe2e158b300, R10=0x0000000000000034, R11=0x00007fe2e7000000
R12=0x0000000000000006, R13=0x0000000000000004, R14=0x0000000006802013, R15=0x0000000000000002
RIP=0x00007fffb1718689, EFLAGS=0x0000000000010217, ERR=0x0000000000000004
  TRAPNO=0x000000000000000e

Top of Stack: (sp=0x00007000045b5370)
0x00007000045b5370:   0000000135e6c000 0000000000000003
0x00007000045b5380:   00007000045b5490 0000000114b6b5fd
0x00007000045b5390:   0000000200010000 0000000114b6b5bd
0x00007000045b53a0:   0000000114d5a240 0000000000000000
0x00007000045b53b0:   0000040000001400 0000000000000002
0x00007000045b53c0:   00007fe2e158b120 0000000000000002
0x00007000045b53d0:   00000000fffffffc 01234301000000c8
0x00007000045b53e0:   0000000400000002 000000000000002c
0x00007000045b53f0:   00000001000c0000 0000000000000000
0x00007000045b5400:   000003e70a525000 0000000000000000
0x00007000045b5410:   0000000000000000 0000000100000003
0x00007000045b5420:   00007fe2e158b088 0000000000000002
0x00007000045b5430:   00007000045b5390 00000006000000c8
0x00007000045b5440:   00007fe2e70001a0 00007fe2e7000160
0x00007000045b5450:   00007fe2e7000180 00007fe2e7000150
0x00007000045b5460:   00007fe2e7000190 0000000000000000
0x00007000045b5470:   00007fe2e7000170 00007fe2e7000140
0x00007000045b5480:   0000000000000000 00007000045b5598
0x00007000045b5490:   00007fe2e7000190 40c0000014b6b427
0x00007000045b54a0:   0000000000000000 0000000000000000
0x00007000045b54b0:   0000000040400000 0000000000000000
0x00007000045b54c0:   0000000000000000 0000000000000000
0x00007000045b54d0:   0000000006802013 00007fe2e7000190
0x00007000045b54e0:   4040000040400000 0000000000000000
0x00007000045b54f0:   00007fe2e7000000 0000000000000000
0x00007000045b5500:   fffffffe00000003 0000000000000002
0x00007000045b5510:   0000000000000000 00007fe2e7000190
0x00007000045b5520:   00007fe2e158b300 000000000402600c
0x00007000045b5530:   00000000ffffffff 0000000000000002
0x00007000045b5540:   4040000040400000 0000000040c00000
0x00007000045b5550:   0000000000000000 00007fe2e2964fa0
0x00007000045b5560:   00007fe2e2964898 00007fe2e2963400 

Instructions: (pc=0x00007fffb1718689)
0x00007fffb1718669:   c2 f3 0f 11 85 e0 fe ff ff 66 0f 6e c0 0f 29 85
0x00007fffb1718679:   b0 fe ff ff e9 8e 03 00 00 48 8b 85 e8 fe ff ff
0x00007fffb1718689:   0f 10 00 0f 29 85 40 ff ff ff 66 0f 7e c0 89 85
0x00007fffb1718699:   e4 fe ff ff 66 0f 6e c8 f3 0f 11 8d e0 fe ff ff 

Register to memory mapping:

RAX=0x0000000000000000 is an unknown value
RBX=0x0000000000000034 is an unknown value
RCX=0x00007fffb1718d28: gleRunVertexSubmitImmediate+0x3718 in /System/Library/Frameworks/OpenGL.framework/Versions/A/Resources/GLEngine.bundle/GLEngine at 0x00007fffb15c1000
RDX=0x0000000000000006 is an unknown value
RSP=0x00007000045b5370 is pointing into the stack for thread: 0x00007fe2e1807800
RBP=0x00007000045b5600 is pointing into the stack for thread: 0x00007fe2e1807800
RSI=0x00007fffb1718cd8: gleRunVertexSubmitImmediate+0x36c8 in /System/Library/Frameworks/OpenGL.framework/Versions/A/Resources/GLEngine.bundle/GLEngine at 0x00007fffb15c1000
RDI=0x0000000000000000 is an unknown value
R8 =0x0000003401009803 is an unknown value
R9 =0x00007fe2e158b300 is an unknown value
R10=0x0000000000000034 is an unknown value
R11=0x00007fe2e7000000 is an unknown value
R12=0x0000000000000006 is an unknown value
R13=0x0000000000000004 is an unknown value
R14=0x0000000006802013 is an unknown value
R15=0x0000000000000002 is an unknown value


Stack: [0x00007000044b6000,0x00007000045b6000],  sp=0x00007000045b5370,  free space=1020k
Native frames: (J=compiled Java code, j=interpreted, Vv=VM code, C=native code)
C  [GLEngine+0x157689]  gleRunVertexSubmitImmediate+0x3079
C  [GLEngine+0x27ae5]  glDrawArrays_Exec+0x284
j  org.lwjgl.opengl.GL11.nglDrawArrays(IIIJ)V+0
j  org.lwjgl.opengl.GL11.glDrawArrays(III)V+20
j  finalprojectp2.Chunk.render()V+35
j  finalprojectp2.FPCameraController2.gameLoop()V+158
j  finalprojectp2.Checkpoint2.start()V+12
j  finalprojectp2.Checkpoint2.main([Ljava/lang/String;)V+9
v  ~StubRoutines::call_stub
V  [libjvm.dylib+0x2ecf8a]
V  [libjvm.dylib+0x323d82]
V  [libjvm.dylib+0x31caf9]
C  [java+0x3931]  JavaMain+0x9c4
C  [libsystem_pthread.dylib+0x3aab]  _pthread_body+0xb4
C  [libsystem_pthread.dylib+0x39f7]  _pthread_body+0x0
C  [libsystem_pthread.dylib+0x3221]  thread_start+0xd
C  0x0000000000000000

Java frames: (J=compiled Java code, j=interpreted, Vv=VM code)
j  org.lwjgl.opengl.GL11.nglDrawArrays(IIIJ)V+0
j  org.lwjgl.opengl.GL11.glDrawArrays(III)V+20
j  finalprojectp2.Chunk.render()V+35
j  finalprojectp2.FPCameraController2.gameLoop()V+158
j  finalprojectp2.Checkpoint2.start()V+12
j  finalprojectp2.Checkpoint2.main([Ljava/lang/String;)V+9
v  ~StubRoutines::call_stub

---------------  P R O C E S S  ---------------

Java Threads: ( => current thread )
  0x00007fe2e4964800 JavaThread "AWT-Shutdown" [_thread_blocked, id=32287, stack(0x0000700005872000,0x0000700005972000)]
  0x00007fe2e28cd800 JavaThread "AppKit Thread" daemon [_thread_in_native, id=775, stack(0x00007fff54ef7000,0x00007fff556f7000)]
  0x00007fe2e403a800 JavaThread "Service Thread" daemon [_thread_blocked, id=21251, stack(0x00007000055e9000,0x00007000056e9000)]
  0x00007fe2e2854000 JavaThread "C1 CompilerThread3" daemon [_thread_blocked, id=20739, stack(0x00007000054e6000,0x00007000055e6000)]
  0x00007fe2e2816000 JavaThread "C2 CompilerThread2" daemon [_thread_blocked, id=20227, stack(0x00007000053e3000,0x00007000054e3000)]
  0x00007fe2e1822800 JavaThread "C2 CompilerThread1" daemon [_thread_blocked, id=19715, stack(0x00007000052e0000,0x00007000053e0000)]
  0x00007fe2e2815000 JavaThread "C2 CompilerThread0" daemon [_thread_blocked, id=19203, stack(0x00007000051dd000,0x00007000052dd000)]
  0x00007fe2e4829800 JavaThread "Signal Dispatcher" daemon [_thread_blocked, id=18691, stack(0x00007000050da000,0x00007000051da000)]
  0x00007fe2e402e800 JavaThread "Finalizer" daemon [_thread_blocked, id=14595, stack(0x0000700004fd7000,0x00007000050d7000)]
  0x00007fe2e402b800 JavaThread "Reference Handler" daemon [_thread_blocked, id=14083, stack(0x0000700004ed4000,0x0000700004fd4000)]
=>0x00007fe2e1807800 JavaThread "main" [_thread_in_native, id=7171, stack(0x00007000044b6000,0x00007000045b6000)]

Other Threads:
  0x00007fe2e1804000 VMThread [stack: 0x0000700004dd1000,0x0000700004ed1000] [id=13571]
  0x00007fe2e1823000 WatcherThread [stack: 0x00007000056ec000,0x00007000057ec000] [id=21763]

VM state:not at safepoint (normal execution)

VM Mutex/Monitor currently owned by a thread: None

Heap:
 PSYoungGen      total 76288K, used 32647K [0x000000076ab00000, 0x0000000770000000, 0x00000007c0000000)
  eden space 65536K, 49% used [0x000000076ab00000,0x000000076cae1e88,0x000000076eb00000)
  from space 10752K, 0% used [0x000000076f580000,0x000000076f580000,0x0000000770000000)
  to   space 10752K, 0% used [0x000000076eb00000,0x000000076eb00000,0x000000076f580000)
 ParOldGen       total 175104K, used 0K [0x00000006c0000000, 0x00000006cab00000, 0x000000076ab00000)
  object space 175104K, 0% used [0x00000006c0000000,0x00000006c0000000,0x00000006cab00000)
 Metaspace       used 6758K, capacity 6947K, committed 7296K, reserved 1056768K
  class space    used 703K, capacity 792K, committed 896K, reserved 1048576K

Card table byte_map: [0x000000010c961000,0x000000010d162000] byte_map_base: 0x0000000109361000

Marking Bits: (ParMarkBitMap*) 0x000000010beefd20
 Begin Bits: [0x0000000123f03000, 0x0000000127f03000)
 End Bits:   [0x0000000127f03000, 0x000000012bf03000)

Polling page: 0x000000010a5c9000

CodeCache: size=245760Kb used=2100Kb max_used=2112Kb free=243659Kb
 bounds [0x0000000114f03000, 0x0000000115173000, 0x0000000123f03000]
 total_blobs=854 nmethods=476 adapters=292
 compilation: enabled

Compilation events (10 events):
Event: 0.468 Thread 0x00007fe2e2816000 nmethod 471 0x0000000115110c50 code [0x0000000115110dc0, 0x0000000115111038]
Event: 0.468 Thread 0x00007fe2e2815000  473       4       finalprojectp2.SimplexNoise_octave::noise (406 bytes)
Event: 0.469 Thread 0x00007fe2e1822800 nmethod 472 0x0000000115110690 code [0x00000001151107e0, 0x0000000115110b18]
Event: 0.470 Thread 0x00007fe2e2816000  474       4       finalprojectp2.Chunk::createTexCube (3001 bytes)
Event: 0.470 Thread 0x00007fe2e1822800  475       4       finalprojectp2.Chunk::getCubeColor (97 bytes)
Event: 0.471 Thread 0x00007fe2e1822800 nmethod 475 0x00000001151100d0 code [0x0000000115110240, 0x00000001151104d8]
Event: 0.472 Thread 0x00007fe2e2815000 nmethod 473 0x0000000115111950 code [0x0000000115111b60, 0x0000000115112278]
Event: 0.474 Thread 0x00007fe2e2816000 nmethod 474 0x0000000115112d10 code [0x0000000115112f20, 0x0000000115113c38]
Event: 0.479 Thread 0x00007fe2e1822800  476       4       finalprojectp2.SimplexNoise::getNoise (64 bytes)
Event: 0.481 Thread 0x00007fe2e1822800 nmethod 476 0x000000011510fa10 code [0x000000011510fb80, 0x000000011510fe08]

GC Heap History (0 events):
No events

Deoptimization events (0 events):
No events

Internal exceptions (10 events):
Event: 0.022 Thread 0x00007fe2e1807800 Exception <a 'java/lang/NoSuchMethodError': Method sun.misc.Unsafe.defineClass(Ljava/lang/String;[BII)Ljava/lang/Class; name or signature does not match> (0x000000076ab07c78) thrown at [/Users/java_re/workspace/8-2-build-macosx-x86_64/jdk8u111/7883/hotspo
Event: 0.022 Thread 0x00007fe2e1807800 Exception <a 'java/lang/NoSuchMethodError': Method sun.misc.Unsafe.prefetchRead(Ljava/lang/Object;J)V name or signature does not match> (0x000000076ab07f60) thrown at [/Users/java_re/workspace/8-2-build-macosx-x86_64/jdk8u111/7883/hotspot/src/share/vm/pri
Event: 0.088 Thread 0x00007fe2e1807800 Exception <a 'java/security/PrivilegedActionException'> (0x000000076ac3a4b8) thrown at [/Users/java_re/workspace/8-2-build-macosx-x86_64/jdk8u111/7883/hotspot/src/share/vm/prims/jvm.cpp, line 1386]
Event: 0.088 Thread 0x00007fe2e1807800 Exception <a 'java/security/PrivilegedActionException'> (0x000000076ac3a6c8) thrown at [/Users/java_re/workspace/8-2-build-macosx-x86_64/jdk8u111/7883/hotspot/src/share/vm/prims/jvm.cpp, line 1386]
Event: 0.088 Thread 0x00007fe2e1807800 Exception <a 'java/security/PrivilegedActionException'> (0x000000076ac3dbb8) thrown at [/Users/java_re/workspace/8-2-build-macosx-x86_64/jdk8u111/7883/hotspot/src/share/vm/prims/jvm.cpp, line 1386]
Event: 0.088 Thread 0x00007fe2e1807800 Exception <a 'java/security/PrivilegedActionException'> (0x000000076ac3ddc8) thrown at [/Users/java_re/workspace/8-2-build-macosx-x86_64/jdk8u111/7883/hotspot/src/share/vm/prims/jvm.cpp, line 1386]
Event: 0.116 Thread 0x00007fe2e1807800 Exception <a 'java/lang/NoSuchFieldError': method resolution failed> (0x000000076ae527a8) thrown at [/Users/java_re/workspace/8-2-build-macosx-x86_64/jdk8u111/7883/hotspot/src/share/vm/prims/methodHandles.cpp, line 1146]
Event: 0.117 Thread 0x00007fe2e1807800 Exception <a 'java/lang/NoSuchFieldError': method resolution failed> (0x000000076ae5fef8) thrown at [/Users/java_re/workspace/8-2-build-macosx-x86_64/jdk8u111/7883/hotspot/src/share/vm/prims/methodHandles.cpp, line 1146]
Event: 0.224 Thread 0x00007fe2e1807800 Exception <a 'java/io/FileNotFoundException'> (0x000000076aedb0a0) thrown at [/Users/java_re/workspace/8-2-build-macosx-x86_64/jdk8u111/7883/hotspot/src/share/vm/prims/jni.cpp, line 709]
Event: 0.224 Thread 0x00007fe2e1807800 Exception <a 'java/io/FileNotFoundException'> (0x000000076aedbc28) thrown at [/Users/java_re/workspace/8-2-build-macosx-x86_64/jdk8u111/7883/hotspot/src/share/vm/prims/jni.cpp, line 709]

Events (10 events):
Event: 0.468 Thread 0x00007fe2e1807800 DEOPT PACKING pc=0x0000000115105fc3 sp=0x00007000045b5660
Event: 0.468 Thread 0x00007fe2e1807800 DEOPT UNPACKING pc=0x0000000114f4a633 sp=0x00007000045b53b0 mode 0
Event: 0.469 Thread 0x00007fe2e1807800 DEOPT PACKING pc=0x0000000115105fc3 sp=0x00007000045b5660
Event: 0.469 Thread 0x00007fe2e1807800 DEOPT UNPACKING pc=0x0000000114f4a633 sp=0x00007000045b53b0 mode 0
Event: 0.469 Thread 0x00007fe2e1807800 DEOPT PACKING pc=0x0000000115105fc3 sp=0x00007000045b5660
Event: 0.469 Thread 0x00007fe2e1807800 DEOPT UNPACKING pc=0x0000000114f4a633 sp=0x00007000045b53b0 mode 0
Event: 0.469 Thread 0x00007fe2e1807800 DEOPT PACKING pc=0x0000000115105fc3 sp=0x00007000045b5660
Event: 0.469 Thread 0x00007fe2e1807800 DEOPT UNPACKING pc=0x0000000114f4a633 sp=0x00007000045b53b0 mode 0
Event: 0.469 Thread 0x00007fe2e1807800 DEOPT PACKING pc=0x0000000115105fc3 sp=0x00007000045b5660
Event: 0.469 Thread 0x00007fe2e1807800 DEOPT UNPACKING pc=0x0000000114f4a633 sp=0x00007000045b53b0 mode 0


Dynamic libraries:
0x00000000375b4000 	/System/Library/Frameworks/Cocoa.framework/Versions/A/Cocoa
0x00000000375b4000 	/System/Library/Frameworks/Security.framework/Versions/A/Security
0x00000000375b4000 	/System/Library/Frameworks/ApplicationServices.framework/Versions/A/ApplicationServices
0x00000000375b4000 	/usr/lib/libz.1.dylib
0x00000000375b4000 	/usr/lib/libSystem.B.dylib
0x00000000375b4000 	/usr/lib/libobjc.A.dylib
0x00000000375b4000 	/System/Library/Frameworks/CoreFoundation.framework/Versions/A/CoreFoundation
0x00000000375b4000 	/System/Library/Frameworks/Foundation.framework/Versions/C/Foundation
0x00000000375b4000 	/System/Library/Frameworks/AppKit.framework/Versions/C/AppKit
0x00000000375b4000 	/System/Library/Frameworks/CoreData.framework/Versions/A/CoreData
0x00000000375b4000 	/System/Library/PrivateFrameworks/RemoteViewServices.framework/Versions/A/RemoteViewServices
0x00000000375b4000 	/System/Library/PrivateFrameworks/UIFoundation.framework/Versions/A/UIFoundation
0x00000000375b4000 	/usr/lib/libenergytrace.dylib
0x00000000375b4000 	/System/Library/PrivateFrameworks/SkyLight.framework/Versions/A/SkyLight
0x00000000375b4000 	/System/Library/Frameworks/CoreGraphics.framework/Versions/A/CoreGraphics
0x00000000375b4000 	/usr/lib/libScreenReader.dylib
0x00000000375b4000 	/System/Library/Frameworks/Accelerate.framework/Versions/A/Accelerate
0x00000000375b4000 	/System/Library/Frameworks/IOSurface.framework/Versions/A/IOSurface
0x00000000375b4000 	/System/Library/Frameworks/AudioToolbox.framework/Versions/A/AudioToolbox
0x00000000375b4000 	/System/Library/Frameworks/AudioUnit.framework/Versions/A/AudioUnit
0x00000000375b4000 	/System/Library/PrivateFrameworks/DataDetectorsCore.framework/Versions/A/DataDetectorsCore
0x00000000375b4000 	/System/Library/PrivateFrameworks/DesktopServicesPriv.framework/Versions/A/DesktopServicesPriv
0x00000000375b4000 	/System/Library/Frameworks/Carbon.framework/Versions/A/Frameworks/HIToolbox.framework/Versions/A/HIToolbox
0x00000000375b4000 	/usr/lib/libicucore.A.dylib
0x00000000375b4000 	/System/Library/Frameworks/QuartzCore.framework/Versions/A/QuartzCore
0x00000000375b4000 	/System/Library/Frameworks/Carbon.framework/Versions/A/Frameworks/SpeechRecognition.framework/Versions/A/SpeechRecognition
0x00000000375b4000 	/usr/lib/libauto.dylib
0x00000000375b4000 	/usr/lib/libxml2.2.dylib
0x00000000375b4000 	/System/Library/PrivateFrameworks/CoreUI.framework/Versions/A/CoreUI
0x00000000375b4000 	/System/Library/Frameworks/CoreAudio.framework/Versions/A/CoreAudio
0x00000000375b4000 	/System/Library/Frameworks/DiskArbitration.framework/Versions/A/DiskArbitration
0x00000000375b4000 	/usr/lib/liblangid.dylib
0x00000000375b4000 	/System/Library/PrivateFrameworks/MultitouchSupport.framework/Versions/A/MultitouchSupport
0x00000000375b4000 	/System/Library/Frameworks/IOKit.framework/Versions/A/IOKit
0x00000000375b4000 	/usr/lib/libDiagnosticMessagesClient.dylib
0x00000000375b4000 	/System/Library/Frameworks/CoreServices.framework/Versions/A/CoreServices
0x00000000375b4000 	/System/Library/PrivateFrameworks/PerformanceAnalysis.framework/Versions/A/PerformanceAnalysis
0x00000000375b4000 	/System/Library/PrivateFrameworks/GenerationalStorage.framework/Versions/A/GenerationalStorage
0x00000000375b4000 	/System/Library/Frameworks/OpenGL.framework/Versions/A/OpenGL
0x00000000375b4000 	/System/Library/Frameworks/CoreImage.framework/Versions/A/CoreImage
0x00000000375b4000 	/System/Library/Frameworks/CoreText.framework/Versions/A/CoreText
0x00000000375b4000 	/System/Library/Frameworks/ImageIO.framework/Versions/A/ImageIO
0x00000000375b4000 	/System/Library/PrivateFrameworks/Backup.framework/Versions/A/Backup
0x00000000375b4000 	/usr/lib/libarchive.2.dylib
0x00000000375b4000 	/System/Library/Frameworks/CFNetwork.framework/Versions/A/CFNetwork
0x00000000375b4000 	/System/Library/Frameworks/SystemConfiguration.framework/Versions/A/SystemConfiguration
0x00000000375b4000 	/usr/lib/libCRFSuite.dylib
0x00000000375b4000 	/usr/lib/libc++.1.dylib
0x00000000375b4000 	/usr/lib/libc++abi.dylib
0x00000000375b4000 	/usr/lib/system/libcache.dylib
0x00000000375b4000 	/usr/lib/system/libcommonCrypto.dylib
0x00000000375b4000 	/usr/lib/system/libcompiler_rt.dylib
0x00000000375b4000 	/usr/lib/system/libcopyfile.dylib
0x00000000375b4000 	/usr/lib/system/libcorecrypto.dylib
0x00000000375b4000 	/usr/lib/system/libdispatch.dylib
0x00000000375b4000 	/usr/lib/system/libdyld.dylib
0x00000000375b4000 	/usr/lib/system/libkeymgr.dylib
0x00000000375b4000 	/usr/lib/system/liblaunch.dylib
0x00000000375b4000 	/usr/lib/system/libmacho.dylib
0x00000000375b4000 	/usr/lib/system/libquarantine.dylib
0x00000000375b4000 	/usr/lib/system/libremovefile.dylib
0x00000000375b4000 	/usr/lib/system/libsystem_asl.dylib
0x00000000375b4000 	/usr/lib/system/libsystem_blocks.dylib
0x00000000375b4000 	/usr/lib/system/libsystem_c.dylib
0x00000000375b4000 	/usr/lib/system/libsystem_configuration.dylib
0x00000000375b4000 	/usr/lib/system/libsystem_coreservices.dylib
0x00000000375b4000 	/usr/lib/system/libsystem_coretls.dylib
0x00000000375b4000 	/usr/lib/system/libsystem_dnssd.dylib
0x00000000375b4000 	/usr/lib/system/libsystem_info.dylib
0x00000000375b4000 	/usr/lib/system/libsystem_kernel.dylib
0x00000000375b4000 	/usr/lib/system/libsystem_m.dylib
0x00000000375b4000 	/usr/lib/system/libsystem_malloc.dylib
0x00000000375b4000 	/usr/lib/system/libsystem_network.dylib
0x00000000375b4000 	/usr/lib/system/libsystem_networkextension.dylib
0x00000000375b4000 	/usr/lib/system/libsystem_notify.dylib
0x00000000375b4000 	/usr/lib/system/libsystem_platform.dylib
0x00000000375b4000 	/usr/lib/system/libsystem_pthread.dylib
0x00000000375b4000 	/usr/lib/system/libsystem_sandbox.dylib
0x00000000375b4000 	/usr/lib/system/libsystem_secinit.dylib
0x00000000375b4000 	/usr/lib/system/libsystem_symptoms.dylib
0x00000000375b4000 	/usr/lib/system/libsystem_trace.dylib
0x00000000375b4000 	/usr/lib/system/libunwind.dylib
0x00000000375b4000 	/usr/lib/system/libxpc.dylib
0x00000000375b4000 	/usr/lib/libbsm.0.dylib
0x00000000375b4000 	/usr/lib/system/libkxld.dylib
0x00000000375b4000 	/usr/lib/libcoretls.dylib
0x00000000375b4000 	/usr/lib/libcoretls_cfhelpers.dylib
0x00000000375b4000 	/usr/lib/libxar.1.dylib
0x00000000375b4000 	/usr/lib/libsqlite3.dylib
0x00000000375b4000 	/usr/lib/libpam.2.dylib
0x00000000375b4000 	/usr/lib/libOpenScriptingUtil.dylib
0x00000000375b4000 	/usr/lib/libbz2.1.0.dylib
0x00000000375b4000 	/usr/lib/liblzma.5.dylib
0x00000000375b4000 	/usr/lib/libnetwork.dylib
0x00000000375b4000 	/usr/lib/libpcap.A.dylib
0x00000000375b4000 	/System/Library/Frameworks/CoreServices.framework/Versions/A/Frameworks/FSEvents.framework/Versions/A/FSEvents
0x00000000375b4000 	/System/Library/Frameworks/CoreServices.framework/Versions/A/Frameworks/CarbonCore.framework/Versions/A/CarbonCore
0x00000000375b4000 	/System/Library/Frameworks/CoreServices.framework/Versions/A/Frameworks/Metadata.framework/Versions/A/Metadata
0x00000000375b4000 	/System/Library/Frameworks/CoreServices.framework/Versions/A/Frameworks/OSServices.framework/Versions/A/OSServices
0x00000000375b4000 	/System/Library/Frameworks/CoreServices.framework/Versions/A/Frameworks/SearchKit.framework/Versions/A/SearchKit
0x00000000375b4000 	/System/Library/Frameworks/CoreServices.framework/Versions/A/Frameworks/AE.framework/Versions/A/AE
0x00000000375b4000 	/System/Library/Frameworks/CoreServices.framework/Versions/A/Frameworks/LaunchServices.framework/Versions/A/LaunchServices
0x00000000375b4000 	/System/Library/Frameworks/CoreServices.framework/Versions/A/Frameworks/DictionaryServices.framework/Versions/A/DictionaryServices
0x00000000375b4000 	/System/Library/Frameworks/CoreServices.framework/Versions/A/Frameworks/SharedFileList.framework/Versions/A/SharedFileList
0x00000000375b4000 	/System/Library/Frameworks/NetFS.framework/Versions/A/NetFS
0x00000000375b4000 	/System/Library/PrivateFrameworks/NetAuth.framework/Versions/A/NetAuth
0x00000000375b4000 	/System/Library/PrivateFrameworks/login.framework/Versions/A/Frameworks/loginsupport.framework/Versions/A/loginsupport
0x00000000375b4000 	/System/Library/PrivateFrameworks/TCC.framework/Versions/A/TCC
0x00000000375b4000 	/usr/lib/libmecabra.dylib
0x00000000375b4000 	/System/Library/Frameworks/ApplicationServices.framework/Versions/A/Frameworks/ATS.framework/Versions/A/ATS
0x00000000375b4000 	/System/Library/Frameworks/ApplicationServices.framework/Versions/A/Frameworks/ColorSync.framework/Versions/A/ColorSync
0x00000000375b4000 	/System/Library/Frameworks/ApplicationServices.framework/Versions/A/Frameworks/HIServices.framework/Versions/A/HIServices
0x00000000375b4000 	/System/Library/Frameworks/ApplicationServices.framework/Versions/A/Frameworks/LangAnalysis.framework/Versions/A/LangAnalysis
0x00000000375b4000 	/System/Library/Frameworks/ApplicationServices.framework/Versions/A/Frameworks/PrintCore.framework/Versions/A/PrintCore
0x00000000375b4000 	/System/Library/Frameworks/ApplicationServices.framework/Versions/A/Frameworks/QD.framework/Versions/A/QD
0x00000000375b4000 	/System/Library/Frameworks/ApplicationServices.framework/Versions/A/Frameworks/SpeechSynthesis.framework/Versions/A/SpeechSynthesis
0x00000000375b4000 	/System/Library/Frameworks/Accelerate.framework/Versions/A/Frameworks/vImage.framework/Versions/A/vImage
0x00000000375b4000 	/System/Library/Frameworks/Accelerate.framework/Versions/A/Frameworks/vecLib.framework/Versions/A/vecLib
0x00000000375b4000 	/System/Library/Frameworks/Accelerate.framework/Versions/A/Frameworks/vecLib.framework/Versions/A/libvDSP.dylib
0x00000000375b4000 	/System/Library/Frameworks/Accelerate.framework/Versions/A/Frameworks/vecLib.framework/Versions/A/libBNNS.dylib
0x00000000375b4000 	/System/Library/Frameworks/Accelerate.framework/Versions/A/Frameworks/vecLib.framework/Versions/A/libQuadrature.dylib
0x00000000375b4000 	/System/Library/Frameworks/Accelerate.framework/Versions/A/Frameworks/vecLib.framework/Versions/A/libvMisc.dylib
0x00000000375b4000 	/System/Library/Frameworks/Accelerate.framework/Versions/A/Frameworks/vecLib.framework/Versions/A/libLAPACK.dylib
0x00000000375b4000 	/System/Library/Frameworks/Accelerate.framework/Versions/A/Frameworks/vecLib.framework/Versions/A/libBLAS.dylib
0x00000000375b4000 	/System/Library/Frameworks/Accelerate.framework/Versions/A/Frameworks/vecLib.framework/Versions/A/libLinearAlgebra.dylib
0x00000000375b4000 	/System/Library/Frameworks/Accelerate.framework/Versions/A/Frameworks/vecLib.framework/Versions/A/libSparseBLAS.dylib
0x00000000375b4000 	/System/Library/Frameworks/ApplicationServices.framework/Versions/A/Frameworks/ATS.framework/Versions/A/Resources/libFontParser.dylib
0x00000000375b4000 	/System/Library/Frameworks/ApplicationServices.framework/Versions/A/Frameworks/ATS.framework/Versions/A/Resources/libFontRegistry.dylib
0x00000000375b4000 	/System/Library/Frameworks/ImageIO.framework/Versions/A/Resources/libJPEG.dylib
0x00000000375b4000 	/System/Library/Frameworks/ImageIO.framework/Versions/A/Resources/libTIFF.dylib
0x00000000375b4000 	/System/Library/Frameworks/ImageIO.framework/Versions/A/Resources/libPng.dylib
0x00000000375b4000 	/System/Library/Frameworks/ImageIO.framework/Versions/A/Resources/libGIF.dylib
0x00000000375b4000 	/System/Library/Frameworks/ImageIO.framework/Versions/A/Resources/libJP2.dylib
0x00000000375b4000 	/System/Library/Frameworks/ImageIO.framework/Versions/A/Resources/libRadiance.dylib
0x00000000375b4000 	/usr/lib/libcompression.dylib
0x00000000375b4000 	/System/Library/PrivateFrameworks/AppleJPEG.framework/Versions/A/AppleJPEG
0x00000000375b4000 	/usr/lib/libcups.2.dylib
0x00000000375b4000 	/System/Library/Frameworks/Kerberos.framework/Versions/A/Kerberos
0x00000000375b4000 	/System/Library/Frameworks/GSS.framework/Versions/A/GSS
0x00000000375b4000 	/usr/lib/libresolv.9.dylib
0x00000000375b4000 	/usr/lib/libiconv.2.dylib
0x00000000375b4000 	/System/Library/PrivateFrameworks/Heimdal.framework/Versions/A/Heimdal
0x00000000375b4000 	/usr/lib/libheimdal-asn1.dylib
0x00000000375b4000 	/System/Library/Frameworks/OpenDirectory.framework/Versions/A/OpenDirectory
0x00000000375b4000 	/System/Library/PrivateFrameworks/CommonAuth.framework/Versions/A/CommonAuth
0x00000000375b4000 	/System/Library/Frameworks/OpenDirectory.framework/Versions/A/Frameworks/CFOpenDirectory.framework/Versions/A/CFOpenDirectory
0x00000000375b4000 	/System/Library/Frameworks/SecurityFoundation.framework/Versions/A/SecurityFoundation
0x00000000375b4000 	/System/Library/PrivateFrameworks/LanguageModeling.framework/Versions/A/LanguageModeling
0x00000000375b4000 	/usr/lib/libmarisa.dylib
0x00000000375b4000 	/usr/lib/libChineseTokenizer.dylib
0x00000000375b4000 	/usr/lib/libcmph.dylib
0x00000000375b4000 	/System/Library/PrivateFrameworks/CoreEmoji.framework/Versions/A/CoreEmoji
0x00000000375b4000 	/System/Library/Frameworks/ServiceManagement.framework/Versions/A/ServiceManagement
0x00000000375b4000 	/usr/lib/libxslt.1.dylib
0x00000000375b4000 	/System/Library/Frameworks/Carbon.framework/Versions/A/Frameworks/Ink.framework/Versions/A/Ink
0x00000000375b4000 	/System/Library/PrivateFrameworks/TextureIO.framework/Versions/A/TextureIO
0x00000000375b4000 	/System/Library/Frameworks/Metal.framework/Versions/A/Metal
0x00000000375b4000 	/usr/lib/libate.dylib
0x00000000375b4000 	/System/Library/PrivateFrameworks/GPUCompiler.framework/libmetal_timestamp.dylib
0x00000000375b4000 	/System/Library/Frameworks/OpenGL.framework/Versions/A/Libraries/libCoreFSCache.dylib
0x00000000375b4000 	/System/Library/PrivateFrameworks/IOAccelerator.framework/Versions/A/IOAccelerator
0x00000000375b4000 	/System/Library/Frameworks/CoreVideo.framework/Versions/A/CoreVideo
0x00000000375b4000 	/usr/lib/libFosl_dynamic.dylib
0x00000000375b4000 	/System/Library/PrivateFrameworks/MetalPerformanceShaders.framework/Versions/A/MetalPerformanceShaders
0x00000000375b4000 	/System/Library/PrivateFrameworks/FaceCore.framework/Versions/A/FaceCore
0x00000000375b4000 	/System/Library/Frameworks/OpenCL.framework/Versions/A/OpenCL
0x00000000375b4000 	/System/Library/Frameworks/OpenGL.framework/Versions/A/Libraries/libGLU.dylib
0x00000000375b4000 	/System/Library/Frameworks/OpenGL.framework/Versions/A/Libraries/libGFXShared.dylib
0x00000000375b4000 	/System/Library/Frameworks/OpenGL.framework/Versions/A/Libraries/libGL.dylib
0x00000000375b4000 	/System/Library/Frameworks/OpenGL.framework/Versions/A/Libraries/libGLImage.dylib
0x00000000375b4000 	/System/Library/Frameworks/OpenGL.framework/Versions/A/Libraries/libCVMSPluginSupport.dylib
0x00000000375b4000 	/System/Library/Frameworks/OpenGL.framework/Versions/A/Libraries/libCoreVMClient.dylib
0x00000000375b4000 	/System/Library/PrivateFrameworks/CrashReporterSupport.framework/Versions/A/CrashReporterSupport
0x00000000375b4000 	/System/Library/PrivateFrameworks/Sharing.framework/Versions/A/Sharing
0x00000000375b4000 	/System/Library/PrivateFrameworks/IconServices.framework/Versions/A/IconServices
0x00000000375b4000 	/System/Library/PrivateFrameworks/ProtocolBuffer.framework/Versions/A/ProtocolBuffer
0x00000000375b4000 	/System/Library/PrivateFrameworks/Apple80211.framework/Versions/A/Apple80211
0x00000000375b4000 	/System/Library/Frameworks/CoreWLAN.framework/Versions/A/CoreWLAN
0x00000000375b4000 	/System/Library/PrivateFrameworks/CoreUtils.framework/Versions/A/CoreUtils
0x00000000375b4000 	/System/Library/Frameworks/IOBluetooth.framework/Versions/A/IOBluetooth
0x00000000375b4000 	/System/Library/PrivateFrameworks/CoreWiFi.framework/Versions/A/CoreWiFi
0x00000000375b4000 	/System/Library/Frameworks/CoreBluetooth.framework/Versions/A/CoreBluetooth
0x00000000375b4000 	/System/Library/Frameworks/CoreDisplay.framework/Versions/A/CoreDisplay
0x00000000375b4000 	/System/Library/PrivateFrameworks/IOPresentment.framework/Versions/A/IOPresentment
0x00000000375b4000 	/System/Library/PrivateFrameworks/DebugSymbols.framework/Versions/A/DebugSymbols
0x00000000375b4000 	/System/Library/PrivateFrameworks/CoreSymbolication.framework/Versions/A/CoreSymbolication
0x00000000375b4000 	/System/Library/PrivateFrameworks/Symbolication.framework/Versions/A/Symbolication
0x00000000375b4000 	/System/Library/PrivateFrameworks/AppleFSCompression.framework/Versions/A/AppleFSCompression
0x00000000375b4000 	/System/Library/PrivateFrameworks/SpeechRecognitionCore.framework/Versions/A/SpeechRecognitionCore
0x00000000375b4000 	/System/Library/PrivateFrameworks/ChunkingLibrary.framework/Versions/A/ChunkingLibrary
0x000000010b600000 	/Library/Java/JavaVirtualMachines/jdk1.8.0_111.jdk/Contents/Home/jre/lib/server/libjvm.dylib
0x00000000375b4000 	/usr/lib/libstdc++.6.dylib
0x000000010a586000 	/Library/Java/JavaVirtualMachines/jdk1.8.0_111.jdk/Contents/Home/jre/lib/libverify.dylib
0x000000010a594000 	/Library/Java/JavaVirtualMachines/jdk1.8.0_111.jdk/Contents/Home/jre/lib/libjava.dylib
0x000000010a5d3000 	/Library/Java/JavaVirtualMachines/jdk1.8.0_111.jdk/Contents/Home/jre/lib/libzip.dylib
0x0000000110637000 	/System/Library/Frameworks/JavaVM.framework/Frameworks/JavaRuntimeSupport.framework/JavaRuntimeSupport
0x0000000110651000 	/System/Library/Frameworks/JavaVM.framework/Versions/A/Frameworks/JavaNativeFoundation.framework/Versions/A/JavaNativeFoundation
0x0000000110666000 	/System/Library/Frameworks/JavaVM.framework/Versions/A/JavaVM
0x00000000375b4000 	/System/Library/Frameworks/Carbon.framework/Versions/A/Carbon
0x0000000110673000 	/System/Library/PrivateFrameworks/JavaLaunching.framework/Versions/A/JavaLaunching
0x00000000375b4000 	/System/Library/Frameworks/Carbon.framework/Versions/A/Frameworks/CommonPanels.framework/Versions/A/CommonPanels
0x00000000375b4000 	/System/Library/Frameworks/Carbon.framework/Versions/A/Frameworks/Help.framework/Versions/A/Help
0x00000000375b4000 	/System/Library/Frameworks/Carbon.framework/Versions/A/Frameworks/ImageCapture.framework/Versions/A/ImageCapture
0x00000000375b4000 	/System/Library/Frameworks/Carbon.framework/Versions/A/Frameworks/OpenScripting.framework/Versions/A/OpenScripting
0x00000000375b4000 	/System/Library/Frameworks/Carbon.framework/Versions/A/Frameworks/Print.framework/Versions/A/Print
0x00000000375b4000 	/System/Library/Frameworks/Carbon.framework/Versions/A/Frameworks/SecurityHI.framework/Versions/A/SecurityHI
0x0000000111fb2000 	/Library/Java/JavaVirtualMachines/jdk1.8.0_111.jdk/Contents/Home/jre/lib/libawt.dylib
0x000000011205a000 	/Library/Java/JavaVirtualMachines/jdk1.8.0_111.jdk/Contents/Home/jre/lib/./libmlib_image.dylib
0x0000000112126000 	/Library/Java/JavaVirtualMachines/jdk1.8.0_111.jdk/Contents/Home/jre/lib/libawt_lwawt.dylib
0x00000001121db000 	/Library/Java/JavaVirtualMachines/jdk1.8.0_111.jdk/Contents/Home/jre/lib/./libosxapp.dylib
0x00000000375b4000 	/System/Library/Frameworks/ExceptionHandling.framework/Versions/A/ExceptionHandling
0x00000000375b4000 	/System/Library/PrivateFrameworks/CoreServicesInternal.framework/Versions/A/CoreServicesInternal
0x00000000375b4000 	/System/Library/CoreServices/RawCamera.bundle/Contents/MacOS/RawCamera
0x00000000375b4000 	/System/Library/Frameworks/Accelerate.framework/Versions/A/Frameworks/vImage.framework/Versions/A/Libraries/libCGInterfaces.dylib
0x00000000375b4000 	/System/Library/Frameworks/ApplicationServices.framework/Versions/A/Frameworks/ATS.framework/Versions/A/Resources/libTrueTypeScaler.dylib
0x00000000375b4000 	/System/Library/Frameworks/OpenGL.framework/Versions/A/Resources/GLEngine.bundle/GLEngine
0x00000000375b4000 	/System/Library/Frameworks/OpenGL.framework/Versions/A/Libraries/libGLProgrammability.dylib
0x000000011434f000 	/System/Library/Extensions/AppleIntelHD5000GraphicsGLDriver.bundle/Contents/MacOS/AppleIntelHD5000GraphicsGLDriver
0x00000000375b4000 	/System/Library/PrivateFrameworks/GPUSupport.framework/Versions/A/Libraries/libGPUSupportMercury.dylib
0x0000000114acd000 	/System/Library/Extensions/AMDRadeonX4000GLDriver.bundle/Contents/MacOS/AMDRadeonX4000GLDriver
0x000000012bf03000 	/System/Library/Extensions/AMDRadeonX4000GLDriver.bundle/Contents/MacOS/ATIRadeonX4000SCLib.dylib
0x00000000375b4000 	/System/Library/Frameworks/OpenGL.framework/Versions/A/Resources/GLRendererFloat.bundle/GLRendererFloat
0x00000000375b4000 	/System/Library/Frameworks/OpenCL.framework/Versions/A/Libraries/libcldcpuengine.dylib
0x00000000375b4000 	/usr/lib/libcrypto.0.9.8.dylib
0x00000000375b4000 	/System/Library/PrivateFrameworks/TrustEvaluationAgent.framework/Versions/A/TrustEvaluationAgent
0x00000000375b4000 	/System/Library/Extensions/AMDMTLBronzeDriver.bundle/Contents/MacOS/AMDMTLBronzeDriver
0x00000000375b4000 	/System/Library/PrivateFrameworks/IOAccelMemoryInfo.framework/Versions/A/IOAccelMemoryInfo
0x0000000114bc4000 	/System/Library/Extensions/AppleIntelHD5000GraphicsMTLDriver.bundle/Contents/MacOS/AppleIntelHD5000GraphicsMTLDriver
0x00000000375b4000 	/System/Library/PrivateFrameworks/FamilyControls.framework/Versions/A/FamilyControls
0x00000000375b4000 	/System/Library/PrivateFrameworks/CommerceKit.framework/Versions/A/Frameworks/CommerceCore.framework/Versions/A/CommerceCore
0x00000000375b4000 	/System/Library/PrivateFrameworks/SystemAdministration.framework/Versions/A/SystemAdministration
0x00000000375b4000 	/System/Library/PrivateFrameworks/AppContainer.framework/Versions/A/AppContainer
0x00000000375b4000 	/System/Library/PrivateFrameworks/SecCodeWrapper.framework/Versions/A/SecCodeWrapper
0x00000000375b4000 	/System/Library/Frameworks/DirectoryService.framework/Versions/A/DirectoryService
0x00000000375b4000 	/System/Library/PrivateFrameworks/DiskImages.framework/Versions/A/DiskImages
0x00000000375b4000 	/System/Library/PrivateFrameworks/LoginUIKit.framework/Versions/A/Frameworks/LoginUICore.framework/Versions/A/LoginUICore
0x00000000375b4000 	/usr/lib/libCoreStorage.dylib
0x00000000375b4000 	/usr/lib/libcsfde.dylib
0x00000000375b4000 	/usr/lib/libodfde.dylib
0x00000000375b4000 	/System/Library/Frameworks/DiscRecording.framework/Versions/A/DiscRecording
0x00000000375b4000 	/usr/lib/libcurl.4.dylib
0x00000000375b4000 	/System/Library/PrivateFrameworks/MediaKit.framework/Versions/A/MediaKit
0x00000000375b4000 	/System/Library/PrivateFrameworks/ProtectedCloudStorage.framework/Versions/A/ProtectedCloudStorage
0x00000000375b4000 	/System/Library/PrivateFrameworks/EFILogin.framework/Versions/A/EFILogin
0x00000000375b4000 	/usr/lib/libutil.dylib
0x00000000375b4000 	/System/Library/Frameworks/LDAP.framework/Versions/A/LDAP
0x00000000375b4000 	/usr/lib/libsasl2.2.dylib
0x00000000375b4000 	/System/Library/PrivateFrameworks/CoreDaemon.framework/Versions/B/CoreDaemon
0x00000000375b4000 	/System/Library/PrivateFrameworks/AppleSRP.framework/Versions/A/AppleSRP
0x00000000375b4000 	/System/Library/PrivateFrameworks/APFS.framework/Versions/A/APFS
0x000000012d5e7000 	/Library/Java/JavaVirtualMachines/jdk1.8.0_111.jdk/Contents/Home/jre/lib/libfontmanager.dylib
0x000000012d64e000 	/Users/kartiksoni/Documents/lwjgl-2.9.2/native/macosx/liblwjgl.dylib
0x0000000112531000 	/Library/Java/JavaVirtualMachines/jdk1.8.0_111.jdk/Contents/Home/jre/lib/libjawt.dylib
0x00000000375b4000 	/System/Library/PrivateFrameworks/ViewBridge.framework/Versions/A/ViewBridge
0x00000000375b4000 	/System/Library/PrivateFrameworks/XPCService.framework/Versions/A/XPCService
0x00000000375b4000 	/System/Library/PrivateFrameworks/AppSandbox.framework/Versions/A/AppSandbox
0x00000000375b4000 	/usr/lib/libsandbox.1.dylib
0x00000000375b4000 	/usr/lib/libMatch.1.dylib

VM Arguments:
jvm_args: -Dfile.encoding=UTF-8 -Djava.library.path=/Users/kartiksoni/Documents/lwjgl-2.9.2/native/macosx 
java_command: finalprojectp2.Checkpoint2
java_class_path (initial): /Users/kartiksoni/Documents/lwjgl-2.9.2/jar/AppleJavaExtensions.jar:/Users/kartiksoni/Documents/lwjgl-2.9.2/jar/asm-debug-all.jar:/Users/kartiksoni/Documents/lwjgl-2.9.2/jar/jinput.jar:/Users/kartiksoni/Documents/lwjgl-2.9.2/jar/lwjgl-debug.jar:/Users/kartiksoni/Documents/lwjgl-2.9.2/jar/lwjgl.jar:/Users/kartiksoni/Documents/lwjgl-2.9.2/jar/lwjgl_test.jar:/Users/kartiksoni/Documents/lwjgl-2.9.2/jar/lwjgl_util.jar:/Users/kartiksoni/Documents/lwjgl-2.9.2/jar/lwjgl_util_applet.jar:/Users/kartiksoni/Documents/lwjgl-2.9.2/jar/lzma.jar:/Users/kartiksoni/Documents/lwjgl-2.9.2/slick-util.jar:/Users/kartiksoni/NetBeansProjects/Finalprojectp2/build/classes
Launcher Type: SUN_STANDARD

Environment Variables:
PATH=/usr/bin:/bin:/usr/sbin:/sbin
LD_LIBRARY_PATH=/Library/Java/JavaVirtualMachines/jdk1.8.0_111.jdk/Contents/Home/jre/lib/amd64:/Library/Java/JavaVirtualMachines/jdk1.8.0_111.jdk/Contents/Home/jre/lib/i386:
SHELL=/bin/bash

Signal Handlers:
SIGSEGV: [libjvm.dylib+0x5b03ed], sa_mask[0]=11111111011111110111111111111111, sa_flags=SA_ONSTACK|SA_RESTART|SA_SIGINFO
SIGBUS: [libjvm.dylib+0x5b03ed], sa_mask[0]=11111111011111110111111111111111, sa_flags=SA_RESTART|SA_SIGINFO
SIGFPE: [libjvm.dylib+0x48711c], sa_mask[0]=11111111011111110111111111111111, sa_flags=SA_RESTART|SA_SIGINFO
SIGPIPE: [libjvm.dylib+0x48711c], sa_mask[0]=11111111011111110111111111111111, sa_flags=SA_RESTART|SA_SIGINFO
SIGXFSZ: [libjvm.dylib+0x48711c], sa_mask[0]=11111111011111110111111111111111, sa_flags=SA_RESTART|SA_SIGINFO
SIGILL: [libjvm.dylib+0x48711c], sa_mask[0]=11111111011111110111111111111111, sa_flags=SA_RESTART|SA_SIGINFO
SIGUSR1: SIG_DFL, sa_mask[0]=00000000000000000000000000000000, sa_flags=none
SIGUSR2: [libjvm.dylib+0x486c3a], sa_mask[0]=00100000000000000000000000000000, sa_flags=SA_RESTART|SA_SIGINFO
SIGHUP: [libjvm.dylib+0x485211], sa_mask[0]=11111111011111110111111111111111, sa_flags=SA_RESTART|SA_SIGINFO
SIGINT: SIG_IGN, sa_mask[0]=00000000000000000000000000000000, sa_flags=none
SIGTERM: [libjvm.dylib+0x485211], sa_mask[0]=11111111011111110111111111111111, sa_flags=SA_RESTART|SA_SIGINFO
SIGQUIT: [libjvm.dylib+0x485211], sa_mask[0]=11111111011111110111111111111111, sa_flags=SA_RESTART|SA_SIGINFO


---------------  S Y S T E M  ---------------

OS:Bsduname:Darwin 16.1.0 Darwin Kernel Version 16.1.0: Thu Oct 13 21:26:57 PDT 2016; root:xnu-3789.21.3~60/RELEASE_X86_64 x86_64
rlimit: STACK 8192k, CORE 0k, NPROC 709, NOFILE 10240, AS infinity
load average:1.58 1.69 1.68

CPU:total 8 (4 cores per cpu, 2 threads per core) family 6 model 70 stepping 1, cmov, cx8, fxsr, mmx, sse, sse2, sse3, ssse3, sse4.1, sse4.2, popcnt, avx, avx2, aes, clmul, erms, lzcnt, ht, tsc, tscinvbit, bmi1, bmi2

Memory: 4k page, physical 16777216k(2823688k free)

/proc/meminfo:


vm_info: Java HotSpot(TM) 64-Bit Server VM (25.111-b14) for bsd-amd64 JRE (1.8.0_111-b14), built on Sep 22 2016 15:31:41 by "java_re" with gcc 4.2.1 (Based on Apple Inc. build 5658) (LLVM build 2336.11.00)

time: Mon Nov 14 17:05:21 2016
elapsed time: 0 seconds (0d 0h 0m 0s)

