#
# A fatal error has been detected by the Java Runtime Environment:
#
#  SIGSEGV (0xb) at pc=0x00007fffbf96eb5d, pid=5455, tid=0x000000000000080b
#
# JRE version: Java(TM) SE Runtime Environment (8.0_111-b14) (build 1.8.0_111-b14)
# Java VM: Java HotSpot(TM) 64-Bit Server VM (25.111-b14 mixed mode bsd-amd64 compressed oops)
# Problematic frame:
# C  [libobjc.A.dylib+0x6b5d]  objc_msgSend+0x1d
#
# Failed to write core dump. Core dumps have been disabled. To enable core dumping, try "ulimit -c unlimited" before starting Java again
#
# If you would like to submit a bug report, please visit:
#   http://bugreport.java.com/bugreport/crash.jsp
# The crash happened outside the Java Virtual Machine in native code.
# See problematic frame for where to report the bug.
#

---------------  T H R E A D  ---------------

Current thread (0x00007fcfc69c7800):  JavaThread "AppKit Thread" daemon [_thread_in_native, id=2059, stack(0x00007fff5b665000,0x00007fff5be65000)]

siginfo: si_signo: 11 (SIGSEGV), si_code: 1 (SEGV_MAPERR), si_addr: 0x000007fcfc5442e0

Registers:
RAX=0x0000000000000000, RBX=0x00007fcfc5644e80, RCX=0x0000000000000000, RDX=0x00000000000fc020
RSP=0x00007fff5be5f6b8, RBP=0x00007fff5be5f6e0, RSI=0x00007fffa9a49656, RDI=0x00007fcfc545f110
R8 =0x0000000000000003, R9 =0x0000000000000000, R10=0x000007fcfc5442c8, R11=0x00007fffa9a49656
R12=0x0000000000000094, R13=0x00007fffa9a2e787, R14=0x00007fcfc545f110, R15=0x0000000000000000
RIP=0x00007fffbf96eb5d, EFLAGS=0x0000000000010202, ERR=0x0000000000000004
  TRAPNO=0x000000000000000e

Top of Stack: (sp=0x00007fff5be5f6b8)
0x00007fff5be5f6b8:   0000000126eee598 00007fcfc5644e80
0x00007fff5be5f6c8:   0000000126f22c60 00007fcfc5533920
0x00007fff5be5f6d8:   00007fcfc5533920 00007fff5be5fc50
0x00007fff5be5f6e8:   00007fffa9007e1a 0000000000000000
0x00007fff5be5f6f8:   0000000000000000 4084000000000000
0x00007fff5be5f708:   407e000000000000 0000000000000000
0x00007fff5be5f718:   0000000000000000 4084000000000000
0x00007fff5be5f728:   407e000000000000 00007fff5be5f750
0x00007fff5be5f738:   00007fffab9ac5f8 0000000000000ec0
0x00007fff5be5f748:   ffff803038db3230 00007fcfc724cdd0
0x00007fff5be5f758:   00007fffc8e9e480 00007fff5be5f7c0
0x00007fff5be5f768:   00007fffbf976d13 00007fffc8e9f340
0x00007fff5be5f778:   00000001a99eef00 00007fcfc724cdd0
0x00007fff5be5f788:   ffff803038db3230 00007fcfc5456a60
0x00007fff5be5f798:   00007fcfc7248c00 00007fffa99eef00
0x00007fff5be5f7a8:   00007fcfc5644e80 00007fffbf96eb40
0x00007fff5be5f7b8:   00007fff5be5f820 00007fff5be5f810
0x00007fff5be5f7c8:   00007fffa966d81f 401c000000000000
0x00007fff5be5f7d8:   407e400000000000 402c000000000000
0x00007fff5be5f7e8:   0000000000000000 00007fff00000000
0x00007fff5be5f7f8:   0000000000000000 00007fffa9a02010
0x00007fff5be5f808:   00007fcfc7248c00 000000015be5f860
0x00007fff5be5f818:   00007fcfc7248c00 0000000000000088
0x00007fff5be5f828:   00007fcfc553cdf0 012c000000000000
0x00007fff5be5f838:   00007fcfc5644e80 00007fff5be5f860
0x00007fff5be5f848:   00007fcfc7248c00 00007fff5be5f930
0x00007fff5be5f858:   00007fcfc7248c00 00007fff5be5f8a0
0x00007fff5be5f868:   00007fffa90c0572 401c000000000000
0x00007fff5be5f878:   407e300000000000 402c000000000000
0x00007fff5be5f888:   4030000000000000 00007fff5be5f930
0x00007fff5be5f898:   00007fcfc7248c00 00007fff5be5f920
0x00007fff5be5f8a8:   00007fffa90c0514 401c000000000000 

Instructions: (pc=0x00007fffbf96eb5d)
0x00007fffbf96eb3d:   0f 1f 00 48 85 ff 2e 74 62 40 f6 c7 01 2e 75 66
0x00007fffbf96eb4d:   49 ba f8 ff ff ff ff 7f 00 00 4c 23 17 49 89 f3
0x00007fffbf96eb5d:   45 23 5a 18 49 c1 e3 04 4d 03 5a 10 49 3b 33 75
0x00007fffbf96eb6d:   04 41 ff 63 08 49 83 3b 01 76 0d 49 83 c3 10 49 

Register to memory mapping:

RAX=0x0000000000000000 is an unknown value
RBX=0x00007fcfc5644e80 is an unknown value
RCX=0x0000000000000000 is an unknown value
RDX=0x00000000000fc020 is an unknown value
RSP=0x00007fff5be5f6b8 is pointing into the stack for thread: 0x00007fcfc69c7800
RBP=0x00007fff5be5f6e0 is pointing into the stack for thread: 0x00007fcfc69c7800
RSI=0x00007fffa9a49656: __NSStyleNameIndexTable+0xcd969 in /System/Library/Frameworks/AppKit.framework/Versions/C/AppKit at 0x00007fffa8e6b000
RDI=0x00007fcfc545f110 is an unknown value
R8 =0x0000000000000003 is an unknown value
R9 =0x0000000000000000 is an unknown value
R10=0x000007fcfc5442c8 is an unknown value
R11=0x00007fffa9a49656: __NSStyleNameIndexTable+0xcd969 in /System/Library/Frameworks/AppKit.framework/Versions/C/AppKit at 0x00007fffa8e6b000
R12=0x0000000000000094 is an unknown value
R13=0x00007fffa9a2e787: __NSStyleNameIndexTable+0xb2a9a in /System/Library/Frameworks/AppKit.framework/Versions/C/AppKit at 0x00007fffa8e6b000
R14=0x00007fcfc545f110 is an unknown value
R15=0x0000000000000000 is an unknown value


Stack: [0x00007fff5b665000,0x00007fff5be65000],  sp=0x00007fff5be5f6b8,  free space=8169k
Native frames: (J=compiled Java code, j=interpreted, Vv=VM code, C=native code)
C  [libobjc.A.dylib+0x6b5d]  objc_msgSend+0x1d
C  [AppKit+0x19ce1a]  -[NSView _recursiveDisplayRectIfNeededIgnoringOpacity:isVisibleRect:rectIsVisibleRectForView:topView:]+0x6ee
C  [AppKit+0x19d670]  -[NSView _recursiveDisplayRectIfNeededIgnoringOpacity:isVisibleRect:rectIsVisibleRectForView:topView:]+0xf44
C  [AppKit+0x19c24f]  -[NSThemeFrame _recursiveDisplayRectIfNeededIgnoringOpacity:isVisibleRect:rectIsVisibleRectForView:topView:]+0x14e
C  [AppKit+0x19a677]  -[NSView _displayRectIgnoringOpacity:isVisibleRect:rectIsVisibleRectForView:]+0x994
C  [AppKit+0x195f60]  -[NSView displayIfNeeded]+0x6d4
C  [AppKit+0x195873]  -[NSWindow displayIfNeeded]+0xe6
C  [AppKit+0x87ae32]  ___NSWindowGetDisplayCycleObserver_block_invoke.6208+0x115
C  [AppKit+0x195355]  __37+[NSDisplayCycle currentDisplayCycle]_block_invoke+0x1c6
C  [QuartzCore+0x11a4a]  CA::Transaction::run_commit_handlers(CATransactionPhase)+0x2e
C  [QuartzCore+0x119270]  CA::Context::commit_transaction(CA::Transaction*)+0xa0
C  [QuartzCore+0x105e5]  CA::Transaction::commit()+0x1db
C  [AppKit+0x46b1cd]  __37+[NSDisplayCycle currentDisplayCycle]_block_invoke.31+0x143
C  [CoreFoundation+0xa6f67]  __CFRUNLOOP_IS_CALLING_OUT_TO_AN_OBSERVER_CALLBACK_FUNCTION__+0x17
C  [CoreFoundation+0xa6ed7]  __CFRunLoopDoObservers+0x187
C  [CoreFoundation+0x87b79]  __CFRunLoopRun+0x369
C  [CoreFoundation+0x875b4]  CFRunLoopRunSpecific+0x1a4
C  [HIToolbox+0x30f6c]  RunCurrentEventLoopInMode+0xf0
C  [HIToolbox+0x30ca9]  ReceiveNextEventCommon+0xb8
C  [HIToolbox+0x30bd6]  _BlockUntilNextEventMatchingListInModeWithFilter+0x47
C  [AppKit+0x475f5]  _DPSNextEvent+0x445
C  [AppKit+0x7578eb]  -[NSApplication(NSEvent) _nextEventMatchingEventMask:untilDate:inMode:dequeue:]+0x665
C  [libosxapp.dylib+0x23aa]  -[NSApplicationAWT nextEventMatchingMask:untilDate:inMode:dequeue:]+0x7c
C  [AppKit+0x3bfbd]  -[NSApplication run]+0x39e
C  [libosxapp.dylib+0x214d]  +[NSApplicationAWT runAWTLoopWithApp:]+0x9c
C  [libawt_lwawt.dylib+0x444b3]  -[AWTStarter starter:]+0x389
C  [Foundation+0x71f2a]  __NSThreadPerformPerform+0x146
C  [CoreFoundation+0xa7551]  __CFRUNLOOP_IS_CALLING_OUT_TO_A_SOURCE0_PERFORM_FUNCTION__+0x11
C  [CoreFoundation+0x886bd]  __CFRunLoopDoSources0+0x22d
C  [CoreFoundation+0x87bb6]  __CFRunLoopRun+0x3a6
C  [CoreFoundation+0x875b4]  CFRunLoopRunSpecific+0x1a4
C  [java+0x6465]  CreateExecutionEnvironment+0x367
C  [java+0x218c]  JLI_Launch+0x7a0
C  [java+0x84c2]  main+0x65
C  [java+0x19e4]  start+0x34
C  0x0000000000000006


---------------  P R O C E S S  ---------------

Java Threads: ( => current thread )
  0x00007fcfc6118800 JavaThread "AWT-Shutdown" [_thread_blocked, id=32287, stack(0x000070000844c000,0x000070000854c000)]
=>0x00007fcfc69c7800 JavaThread "AppKit Thread" daemon [_thread_in_native, id=2059, stack(0x00007fff5b665000,0x00007fff5be65000)]
  0x00007fcfc802e000 JavaThread "Service Thread" daemon [_thread_blocked, id=21251, stack(0x00007000081c3000,0x00007000082c3000)]
  0x00007fcfc6027800 JavaThread "C1 CompilerThread3" daemon [_thread_blocked, id=20739, stack(0x00007000080c0000,0x00007000081c0000)]
  0x00007fcfc6838000 JavaThread "C2 CompilerThread2" daemon [_thread_blocked, id=20227, stack(0x0000700007fbd000,0x00007000080bd000)]
  0x00007fcfc5824000 JavaThread "C2 CompilerThread1" daemon [_thread_blocked, id=19715, stack(0x0000700007eba000,0x0000700007fba000)]
  0x00007fcfc6837800 JavaThread "C2 CompilerThread0" daemon [_thread_blocked, id=19203, stack(0x0000700007db7000,0x0000700007eb7000)]
  0x00007fcfc8024000 JavaThread "Signal Dispatcher" daemon [_thread_blocked, id=18691, stack(0x0000700007cb4000,0x0000700007db4000)]
  0x00007fcfc800a800 JavaThread "Finalizer" daemon [_thread_blocked, id=14595, stack(0x0000700007bb1000,0x0000700007cb1000)]
  0x00007fcfc8007800 JavaThread "Reference Handler" daemon [_thread_blocked, id=14083, stack(0x0000700007aae000,0x0000700007bae000)]
  0x00007fcfc6805800 JavaThread "main" [_thread_in_native, id=7171, stack(0x0000700007090000,0x0000700007190000)]

Other Threads:
  0x00007fcfc6826800 VMThread [stack: 0x00007000079ab000,0x0000700007aab000] [id=13571]
  0x00007fcfc6026800 WatcherThread [stack: 0x00007000082c6000,0x00007000083c6000] [id=21763]

VM state:not at safepoint (normal execution)

VM Mutex/Monitor currently owned by a thread: None

Heap:
 PSYoungGen      total 76288K, used 7865K [0x000000076ab00000, 0x0000000770000000, 0x00000007c0000000)
  eden space 65536K, 12% used [0x000000076ab00000,0x000000076b2ae468,0x000000076eb00000)
  from space 10752K, 0% used [0x000000076f580000,0x000000076f580000,0x0000000770000000)
  to   space 10752K, 0% used [0x000000076eb00000,0x000000076eb00000,0x000000076f580000)
 ParOldGen       total 175104K, used 0K [0x00000006c0000000, 0x00000006cab00000, 0x000000076ab00000)
  object space 175104K, 0% used [0x00000006c0000000,0x00000006c0000000,0x00000006cab00000)
 Metaspace       used 6127K, capacity 6331K, committed 6656K, reserved 1056768K
  class space    used 629K, capacity 696K, committed 768K, reserved 1048576K

Card table byte_map: [0x0000000115695000,0x0000000115e96000] byte_map_base: 0x0000000112095000

Marking Bits: (ParMarkBitMap*) 0x0000000105c23d20
 Begin Bits: [0x00000001163ec000, 0x000000011a3ec000)
 End Bits:   [0x000000011a3ec000, 0x000000011e3ec000)

Polling page: 0x0000000103e5b000

CodeCache: size=245760Kb used=2216Kb max_used=2227Kb free=243543Kb
 bounds [0x00000001062d5000, 0x0000000106545000, 0x00000001152d5000]
 total_blobs=854 nmethods=507 adapters=261
 compilation: enabled

Compilation events (10 events):
Event: 3.239 Thread 0x00007fcfc6838000  502       4       java.nio.Buffer::limit (62 bytes)
Event: 3.239 Thread 0x00007fcfc6838000 nmethod 502 0x00000001064fff90 code [0x00000001065000e0, 0x00000001065001d8]
Event: 3.303 Thread 0x00007fcfc5824000  503       4       sun.nio.cs.UTF_8$Encoder::encodeArrayLoop (489 bytes)
Event: 3.309 Thread 0x00007fcfc5824000 nmethod 503 0x00000001064fe150 code [0x00000001064fe2c0, 0x00000001064fe7b8]
Event: 3.521 Thread 0x00007fcfc6027800  504  s    3       org.lwjgl.opengl.EventQueue::copyEvents (77 bytes)
Event: 3.522 Thread 0x00007fcfc6027800 nmethod 504 0x00000001064f9d10 code [0x00000001064f9ee0, 0x00000001064fa9b8]
Event: 3.522 Thread 0x00007fcfc6027800  505       3       org.lwjgl.opengl.MacOSXNativeKeyboard::flushDeferredEvent (34 bytes)
Event: 3.522 Thread 0x00007fcfc6027800 nmethod 505 0x00000001064f9890 code [0x00000001064f9a00, 0x00000001064f9c68]
Event: 3.818 Thread 0x00007fcfc6027800  506       3       org.lwjgl.opengl.Sync$RunningAvg::dampenForLowResTicker (42 bytes)
Event: 3.818 Thread 0x00007fcfc6027800 nmethod 506 0x00000001064fdbd0 code [0x00000001064fdd80, 0x00000001064fe048]

GC Heap History (0 events):
No events

Deoptimization events (0 events):
No events

Internal exceptions (10 events):
Event: 0.022 Thread 0x00007fcfc6805800 Exception <a 'java/lang/NoSuchMethodError': Method sun.misc.Unsafe.defineClass(Ljava/lang/String;[BII)Ljava/lang/Class; name or signature does not match> (0x000000076ab07c78) thrown at [/Users/java_re/workspace/8-2-build-macosx-x86_64/jdk8u111/7883/hotspo
Event: 0.022 Thread 0x00007fcfc6805800 Exception <a 'java/lang/NoSuchMethodError': Method sun.misc.Unsafe.prefetchRead(Ljava/lang/Object;J)V name or signature does not match> (0x000000076ab07f60) thrown at [/Users/java_re/workspace/8-2-build-macosx-x86_64/jdk8u111/7883/hotspot/src/share/vm/pri
Event: 0.085 Thread 0x00007fcfc6805800 Exception <a 'java/security/PrivilegedActionException'> (0x000000076ac1ac00) thrown at [/Users/java_re/workspace/8-2-build-macosx-x86_64/jdk8u111/7883/hotspot/src/share/vm/prims/jvm.cpp, line 1386]
Event: 0.085 Thread 0x00007fcfc6805800 Exception <a 'java/security/PrivilegedActionException'> (0x000000076ac1ae10) thrown at [/Users/java_re/workspace/8-2-build-macosx-x86_64/jdk8u111/7883/hotspot/src/share/vm/prims/jvm.cpp, line 1386]
Event: 0.085 Thread 0x00007fcfc6805800 Exception <a 'java/security/PrivilegedActionException'> (0x000000076ac1e300) thrown at [/Users/java_re/workspace/8-2-build-macosx-x86_64/jdk8u111/7883/hotspot/src/share/vm/prims/jvm.cpp, line 1386]
Event: 0.085 Thread 0x00007fcfc6805800 Exception <a 'java/security/PrivilegedActionException'> (0x000000076ac1e510) thrown at [/Users/java_re/workspace/8-2-build-macosx-x86_64/jdk8u111/7883/hotspot/src/share/vm/prims/jvm.cpp, line 1386]
Event: 0.113 Thread 0x00007fcfc6805800 Exception <a 'java/lang/NoSuchFieldError': method resolution failed> (0x000000076ae32dc0) thrown at [/Users/java_re/workspace/8-2-build-macosx-x86_64/jdk8u111/7883/hotspot/src/share/vm/prims/methodHandles.cpp, line 1146]
Event: 0.114 Thread 0x00007fcfc6805800 Exception <a 'java/lang/NoSuchFieldError': method resolution failed> (0x000000076ae40510) thrown at [/Users/java_re/workspace/8-2-build-macosx-x86_64/jdk8u111/7883/hotspot/src/share/vm/prims/methodHandles.cpp, line 1146]
Event: 0.221 Thread 0x00007fcfc6805800 Exception <a 'java/io/FileNotFoundException'> (0x000000076aebb708) thrown at [/Users/java_re/workspace/8-2-build-macosx-x86_64/jdk8u111/7883/hotspot/src/share/vm/prims/jni.cpp, line 709]
Event: 0.221 Thread 0x00007fcfc6805800 Exception <a 'java/io/FileNotFoundException'> (0x000000076aebc290) thrown at [/Users/java_re/workspace/8-2-build-macosx-x86_64/jdk8u111/7883/hotspot/src/share/vm/prims/jni.cpp, line 709]

Events (10 events):
Event: 0.354 loading class sun/misc/FDBigInteger
Event: 0.354 loading class sun/misc/FDBigInteger done
Event: 0.368 loading class org/lwjgl/opengl/Sync
Event: 0.368 loading class org/lwjgl/opengl/Sync done
Event: 0.369 loading class org/lwjgl/opengl/Sync$RunningAvg
Event: 0.369 loading class org/lwjgl/opengl/Sync$RunningAvg done
Event: 2.468 Thread 0x00007fcfc6805800 DEOPT PACKING pc=0x00000001064e1753 sp=0x000070000718f660
Event: 2.468 Thread 0x00007fcfc6805800 DEOPT UNPACKING pc=0x000000010631c633 sp=0x000070000718f490 mode 0
Event: 4.004 loading class org/lwjgl/opengl/CallbackUtil
Event: 4.004 loading class org/lwjgl/opengl/CallbackUtil done


Dynamic libraries:
0x000000003601e000 	/System/Library/Frameworks/Cocoa.framework/Versions/A/Cocoa
0x000000003601e000 	/System/Library/Frameworks/Security.framework/Versions/A/Security
0x000000003601e000 	/System/Library/Frameworks/ApplicationServices.framework/Versions/A/ApplicationServices
0x000000003601e000 	/usr/lib/libz.1.dylib
0x000000003601e000 	/usr/lib/libSystem.B.dylib
0x000000003601e000 	/usr/lib/libobjc.A.dylib
0x000000003601e000 	/System/Library/Frameworks/CoreFoundation.framework/Versions/A/CoreFoundation
0x000000003601e000 	/System/Library/Frameworks/Foundation.framework/Versions/C/Foundation
0x000000003601e000 	/System/Library/Frameworks/AppKit.framework/Versions/C/AppKit
0x000000003601e000 	/System/Library/Frameworks/CoreData.framework/Versions/A/CoreData
0x000000003601e000 	/System/Library/PrivateFrameworks/RemoteViewServices.framework/Versions/A/RemoteViewServices
0x000000003601e000 	/System/Library/PrivateFrameworks/UIFoundation.framework/Versions/A/UIFoundation
0x000000003601e000 	/usr/lib/libenergytrace.dylib
0x000000003601e000 	/System/Library/PrivateFrameworks/SkyLight.framework/Versions/A/SkyLight
0x000000003601e000 	/System/Library/Frameworks/CoreGraphics.framework/Versions/A/CoreGraphics
0x000000003601e000 	/usr/lib/libScreenReader.dylib
0x000000003601e000 	/System/Library/Frameworks/Accelerate.framework/Versions/A/Accelerate
0x000000003601e000 	/System/Library/Frameworks/IOSurface.framework/Versions/A/IOSurface
0x000000003601e000 	/System/Library/Frameworks/AudioToolbox.framework/Versions/A/AudioToolbox
0x000000003601e000 	/System/Library/Frameworks/AudioUnit.framework/Versions/A/AudioUnit
0x000000003601e000 	/System/Library/PrivateFrameworks/DataDetectorsCore.framework/Versions/A/DataDetectorsCore
0x000000003601e000 	/System/Library/PrivateFrameworks/DesktopServicesPriv.framework/Versions/A/DesktopServicesPriv
0x000000003601e000 	/System/Library/Frameworks/Carbon.framework/Versions/A/Frameworks/HIToolbox.framework/Versions/A/HIToolbox
0x000000003601e000 	/usr/lib/libicucore.A.dylib
0x000000003601e000 	/System/Library/Frameworks/QuartzCore.framework/Versions/A/QuartzCore
0x000000003601e000 	/System/Library/Frameworks/Carbon.framework/Versions/A/Frameworks/SpeechRecognition.framework/Versions/A/SpeechRecognition
0x000000003601e000 	/usr/lib/libauto.dylib
0x000000003601e000 	/usr/lib/libxml2.2.dylib
0x000000003601e000 	/System/Library/PrivateFrameworks/CoreUI.framework/Versions/A/CoreUI
0x000000003601e000 	/System/Library/Frameworks/CoreAudio.framework/Versions/A/CoreAudio
0x000000003601e000 	/System/Library/Frameworks/DiskArbitration.framework/Versions/A/DiskArbitration
0x000000003601e000 	/usr/lib/liblangid.dylib
0x000000003601e000 	/System/Library/PrivateFrameworks/MultitouchSupport.framework/Versions/A/MultitouchSupport
0x000000003601e000 	/System/Library/Frameworks/IOKit.framework/Versions/A/IOKit
0x000000003601e000 	/usr/lib/libDiagnosticMessagesClient.dylib
0x000000003601e000 	/System/Library/Frameworks/CoreServices.framework/Versions/A/CoreServices
0x000000003601e000 	/System/Library/PrivateFrameworks/PerformanceAnalysis.framework/Versions/A/PerformanceAnalysis
0x000000003601e000 	/System/Library/PrivateFrameworks/GenerationalStorage.framework/Versions/A/GenerationalStorage
0x000000003601e000 	/System/Library/Frameworks/OpenGL.framework/Versions/A/OpenGL
0x000000003601e000 	/System/Library/Frameworks/CoreImage.framework/Versions/A/CoreImage
0x000000003601e000 	/System/Library/Frameworks/CoreText.framework/Versions/A/CoreText
0x000000003601e000 	/System/Library/Frameworks/ImageIO.framework/Versions/A/ImageIO
0x000000003601e000 	/System/Library/PrivateFrameworks/Backup.framework/Versions/A/Backup
0x000000003601e000 	/usr/lib/libarchive.2.dylib
0x000000003601e000 	/System/Library/Frameworks/CFNetwork.framework/Versions/A/CFNetwork
0x000000003601e000 	/System/Library/Frameworks/SystemConfiguration.framework/Versions/A/SystemConfiguration
0x000000003601e000 	/usr/lib/libCRFSuite.dylib
0x000000003601e000 	/usr/lib/libc++.1.dylib
0x000000003601e000 	/usr/lib/libc++abi.dylib
0x000000003601e000 	/usr/lib/system/libcache.dylib
0x000000003601e000 	/usr/lib/system/libcommonCrypto.dylib
0x000000003601e000 	/usr/lib/system/libcompiler_rt.dylib
0x000000003601e000 	/usr/lib/system/libcopyfile.dylib
0x000000003601e000 	/usr/lib/system/libcorecrypto.dylib
0x000000003601e000 	/usr/lib/system/libdispatch.dylib
0x000000003601e000 	/usr/lib/system/libdyld.dylib
0x000000003601e000 	/usr/lib/system/libkeymgr.dylib
0x000000003601e000 	/usr/lib/system/liblaunch.dylib
0x000000003601e000 	/usr/lib/system/libmacho.dylib
0x000000003601e000 	/usr/lib/system/libquarantine.dylib
0x000000003601e000 	/usr/lib/system/libremovefile.dylib
0x000000003601e000 	/usr/lib/system/libsystem_asl.dylib
0x000000003601e000 	/usr/lib/system/libsystem_blocks.dylib
0x000000003601e000 	/usr/lib/system/libsystem_c.dylib
0x000000003601e000 	/usr/lib/system/libsystem_configuration.dylib
0x000000003601e000 	/usr/lib/system/libsystem_coreservices.dylib
0x000000003601e000 	/usr/lib/system/libsystem_coretls.dylib
0x000000003601e000 	/usr/lib/system/libsystem_dnssd.dylib
0x000000003601e000 	/usr/lib/system/libsystem_info.dylib
0x000000003601e000 	/usr/lib/system/libsystem_kernel.dylib
0x000000003601e000 	/usr/lib/system/libsystem_m.dylib
0x000000003601e000 	/usr/lib/system/libsystem_malloc.dylib
0x000000003601e000 	/usr/lib/system/libsystem_network.dylib
0x000000003601e000 	/usr/lib/system/libsystem_networkextension.dylib
0x000000003601e000 	/usr/lib/system/libsystem_notify.dylib
0x000000003601e000 	/usr/lib/system/libsystem_platform.dylib
0x000000003601e000 	/usr/lib/system/libsystem_pthread.dylib
0x000000003601e000 	/usr/lib/system/libsystem_sandbox.dylib
0x000000003601e000 	/usr/lib/system/libsystem_secinit.dylib
0x000000003601e000 	/usr/lib/system/libsystem_symptoms.dylib
0x000000003601e000 	/usr/lib/system/libsystem_trace.dylib
0x000000003601e000 	/usr/lib/system/libunwind.dylib
0x000000003601e000 	/usr/lib/system/libxpc.dylib
0x000000003601e000 	/usr/lib/libbsm.0.dylib
0x000000003601e000 	/usr/lib/system/libkxld.dylib
0x000000003601e000 	/usr/lib/libcoretls.dylib
0x000000003601e000 	/usr/lib/libcoretls_cfhelpers.dylib
0x000000003601e000 	/usr/lib/libxar.1.dylib
0x000000003601e000 	/usr/lib/libsqlite3.dylib
0x000000003601e000 	/usr/lib/libpam.2.dylib
0x000000003601e000 	/usr/lib/libOpenScriptingUtil.dylib
0x000000003601e000 	/usr/lib/libbz2.1.0.dylib
0x000000003601e000 	/usr/lib/liblzma.5.dylib
0x000000003601e000 	/usr/lib/libnetwork.dylib
0x000000003601e000 	/usr/lib/libpcap.A.dylib
0x000000003601e000 	/System/Library/Frameworks/CoreServices.framework/Versions/A/Frameworks/FSEvents.framework/Versions/A/FSEvents
0x000000003601e000 	/System/Library/Frameworks/CoreServices.framework/Versions/A/Frameworks/CarbonCore.framework/Versions/A/CarbonCore
0x000000003601e000 	/System/Library/Frameworks/CoreServices.framework/Versions/A/Frameworks/Metadata.framework/Versions/A/Metadata
0x000000003601e000 	/System/Library/Frameworks/CoreServices.framework/Versions/A/Frameworks/OSServices.framework/Versions/A/OSServices
0x000000003601e000 	/System/Library/Frameworks/CoreServices.framework/Versions/A/Frameworks/SearchKit.framework/Versions/A/SearchKit
0x000000003601e000 	/System/Library/Frameworks/CoreServices.framework/Versions/A/Frameworks/AE.framework/Versions/A/AE
0x000000003601e000 	/System/Library/Frameworks/CoreServices.framework/Versions/A/Frameworks/LaunchServices.framework/Versions/A/LaunchServices
0x000000003601e000 	/System/Library/Frameworks/CoreServices.framework/Versions/A/Frameworks/DictionaryServices.framework/Versions/A/DictionaryServices
0x000000003601e000 	/System/Library/Frameworks/CoreServices.framework/Versions/A/Frameworks/SharedFileList.framework/Versions/A/SharedFileList
0x000000003601e000 	/System/Library/Frameworks/NetFS.framework/Versions/A/NetFS
0x000000003601e000 	/System/Library/PrivateFrameworks/NetAuth.framework/Versions/A/NetAuth
0x000000003601e000 	/System/Library/PrivateFrameworks/login.framework/Versions/A/Frameworks/loginsupport.framework/Versions/A/loginsupport
0x000000003601e000 	/System/Library/PrivateFrameworks/TCC.framework/Versions/A/TCC
0x000000003601e000 	/usr/lib/libmecabra.dylib
0x000000003601e000 	/System/Library/Frameworks/ApplicationServices.framework/Versions/A/Frameworks/ATS.framework/Versions/A/ATS
0x000000003601e000 	/System/Library/Frameworks/ApplicationServices.framework/Versions/A/Frameworks/ColorSync.framework/Versions/A/ColorSync
0x000000003601e000 	/System/Library/Frameworks/ApplicationServices.framework/Versions/A/Frameworks/HIServices.framework/Versions/A/HIServices
0x000000003601e000 	/System/Library/Frameworks/ApplicationServices.framework/Versions/A/Frameworks/LangAnalysis.framework/Versions/A/LangAnalysis
0x000000003601e000 	/System/Library/Frameworks/ApplicationServices.framework/Versions/A/Frameworks/PrintCore.framework/Versions/A/PrintCore
0x000000003601e000 	/System/Library/Frameworks/ApplicationServices.framework/Versions/A/Frameworks/QD.framework/Versions/A/QD
0x000000003601e000 	/System/Library/Frameworks/ApplicationServices.framework/Versions/A/Frameworks/SpeechSynthesis.framework/Versions/A/SpeechSynthesis
0x000000003601e000 	/System/Library/Frameworks/Accelerate.framework/Versions/A/Frameworks/vImage.framework/Versions/A/vImage
0x000000003601e000 	/System/Library/Frameworks/Accelerate.framework/Versions/A/Frameworks/vecLib.framework/Versions/A/vecLib
0x000000003601e000 	/System/Library/Frameworks/Accelerate.framework/Versions/A/Frameworks/vecLib.framework/Versions/A/libvDSP.dylib
0x000000003601e000 	/System/Library/Frameworks/Accelerate.framework/Versions/A/Frameworks/vecLib.framework/Versions/A/libBNNS.dylib
0x000000003601e000 	/System/Library/Frameworks/Accelerate.framework/Versions/A/Frameworks/vecLib.framework/Versions/A/libQuadrature.dylib
0x000000003601e000 	/System/Library/Frameworks/Accelerate.framework/Versions/A/Frameworks/vecLib.framework/Versions/A/libvMisc.dylib
0x000000003601e000 	/System/Library/Frameworks/Accelerate.framework/Versions/A/Frameworks/vecLib.framework/Versions/A/libLAPACK.dylib
0x000000003601e000 	/System/Library/Frameworks/Accelerate.framework/Versions/A/Frameworks/vecLib.framework/Versions/A/libBLAS.dylib
0x000000003601e000 	/System/Library/Frameworks/Accelerate.framework/Versions/A/Frameworks/vecLib.framework/Versions/A/libLinearAlgebra.dylib
0x000000003601e000 	/System/Library/Frameworks/Accelerate.framework/Versions/A/Frameworks/vecLib.framework/Versions/A/libSparseBLAS.dylib
0x000000003601e000 	/System/Library/Frameworks/ApplicationServices.framework/Versions/A/Frameworks/ATS.framework/Versions/A/Resources/libFontParser.dylib
0x000000003601e000 	/System/Library/Frameworks/ApplicationServices.framework/Versions/A/Frameworks/ATS.framework/Versions/A/Resources/libFontRegistry.dylib
0x000000003601e000 	/System/Library/Frameworks/ImageIO.framework/Versions/A/Resources/libJPEG.dylib
0x000000003601e000 	/System/Library/Frameworks/ImageIO.framework/Versions/A/Resources/libTIFF.dylib
0x000000003601e000 	/System/Library/Frameworks/ImageIO.framework/Versions/A/Resources/libPng.dylib
0x000000003601e000 	/System/Library/Frameworks/ImageIO.framework/Versions/A/Resources/libGIF.dylib
0x000000003601e000 	/System/Library/Frameworks/ImageIO.framework/Versions/A/Resources/libJP2.dylib
0x000000003601e000 	/System/Library/Frameworks/ImageIO.framework/Versions/A/Resources/libRadiance.dylib
0x000000003601e000 	/usr/lib/libcompression.dylib
0x000000003601e000 	/System/Library/PrivateFrameworks/AppleJPEG.framework/Versions/A/AppleJPEG
0x000000003601e000 	/usr/lib/libcups.2.dylib
0x000000003601e000 	/System/Library/Frameworks/Kerberos.framework/Versions/A/Kerberos
0x000000003601e000 	/System/Library/Frameworks/GSS.framework/Versions/A/GSS
0x000000003601e000 	/usr/lib/libresolv.9.dylib
0x000000003601e000 	/usr/lib/libiconv.2.dylib
0x000000003601e000 	/System/Library/PrivateFrameworks/Heimdal.framework/Versions/A/Heimdal
0x000000003601e000 	/usr/lib/libheimdal-asn1.dylib
0x000000003601e000 	/System/Library/Frameworks/OpenDirectory.framework/Versions/A/OpenDirectory
0x000000003601e000 	/System/Library/PrivateFrameworks/CommonAuth.framework/Versions/A/CommonAuth
0x000000003601e000 	/System/Library/Frameworks/OpenDirectory.framework/Versions/A/Frameworks/CFOpenDirectory.framework/Versions/A/CFOpenDirectory
0x000000003601e000 	/System/Library/Frameworks/SecurityFoundation.framework/Versions/A/SecurityFoundation
0x000000003601e000 	/System/Library/PrivateFrameworks/LanguageModeling.framework/Versions/A/LanguageModeling
0x000000003601e000 	/usr/lib/libmarisa.dylib
0x000000003601e000 	/usr/lib/libChineseTokenizer.dylib
0x000000003601e000 	/usr/lib/libcmph.dylib
0x000000003601e000 	/System/Library/PrivateFrameworks/CoreEmoji.framework/Versions/A/CoreEmoji
0x000000003601e000 	/System/Library/Frameworks/ServiceManagement.framework/Versions/A/ServiceManagement
0x000000003601e000 	/usr/lib/libxslt.1.dylib
0x000000003601e000 	/System/Library/Frameworks/Carbon.framework/Versions/A/Frameworks/Ink.framework/Versions/A/Ink
0x000000003601e000 	/System/Library/PrivateFrameworks/TextureIO.framework/Versions/A/TextureIO
0x000000003601e000 	/System/Library/Frameworks/Metal.framework/Versions/A/Metal
0x000000003601e000 	/usr/lib/libate.dylib
0x000000003601e000 	/System/Library/PrivateFrameworks/GPUCompiler.framework/libmetal_timestamp.dylib
0x000000003601e000 	/System/Library/Frameworks/OpenGL.framework/Versions/A/Libraries/libCoreFSCache.dylib
0x000000003601e000 	/System/Library/PrivateFrameworks/IOAccelerator.framework/Versions/A/IOAccelerator
0x000000003601e000 	/System/Library/Frameworks/CoreVideo.framework/Versions/A/CoreVideo
0x000000003601e000 	/usr/lib/libFosl_dynamic.dylib
0x000000003601e000 	/System/Library/PrivateFrameworks/MetalPerformanceShaders.framework/Versions/A/MetalPerformanceShaders
0x000000003601e000 	/System/Library/PrivateFrameworks/FaceCore.framework/Versions/A/FaceCore
0x000000003601e000 	/System/Library/Frameworks/OpenCL.framework/Versions/A/OpenCL
0x000000003601e000 	/System/Library/Frameworks/OpenGL.framework/Versions/A/Libraries/libGLU.dylib
0x000000003601e000 	/System/Library/Frameworks/OpenGL.framework/Versions/A/Libraries/libGFXShared.dylib
0x000000003601e000 	/System/Library/Frameworks/OpenGL.framework/Versions/A/Libraries/libGL.dylib
0x000000003601e000 	/System/Library/Frameworks/OpenGL.framework/Versions/A/Libraries/libGLImage.dylib
0x000000003601e000 	/System/Library/Frameworks/OpenGL.framework/Versions/A/Libraries/libCVMSPluginSupport.dylib
0x000000003601e000 	/System/Library/Frameworks/OpenGL.framework/Versions/A/Libraries/libCoreVMClient.dylib
0x000000003601e000 	/System/Library/PrivateFrameworks/CrashReporterSupport.framework/Versions/A/CrashReporterSupport
0x000000003601e000 	/System/Library/PrivateFrameworks/Sharing.framework/Versions/A/Sharing
0x000000003601e000 	/System/Library/PrivateFrameworks/IconServices.framework/Versions/A/IconServices
0x000000003601e000 	/System/Library/PrivateFrameworks/ProtocolBuffer.framework/Versions/A/ProtocolBuffer
0x000000003601e000 	/System/Library/PrivateFrameworks/Apple80211.framework/Versions/A/Apple80211
0x000000003601e000 	/System/Library/Frameworks/CoreWLAN.framework/Versions/A/CoreWLAN
0x000000003601e000 	/System/Library/PrivateFrameworks/CoreUtils.framework/Versions/A/CoreUtils
0x000000003601e000 	/System/Library/Frameworks/IOBluetooth.framework/Versions/A/IOBluetooth
0x000000003601e000 	/System/Library/PrivateFrameworks/CoreWiFi.framework/Versions/A/CoreWiFi
0x000000003601e000 	/System/Library/Frameworks/CoreBluetooth.framework/Versions/A/CoreBluetooth
0x000000003601e000 	/System/Library/Frameworks/CoreDisplay.framework/Versions/A/CoreDisplay
0x000000003601e000 	/System/Library/PrivateFrameworks/IOPresentment.framework/Versions/A/IOPresentment
0x000000003601e000 	/System/Library/PrivateFrameworks/DebugSymbols.framework/Versions/A/DebugSymbols
0x000000003601e000 	/System/Library/PrivateFrameworks/CoreSymbolication.framework/Versions/A/CoreSymbolication
0x000000003601e000 	/System/Library/PrivateFrameworks/Symbolication.framework/Versions/A/Symbolication
0x000000003601e000 	/System/Library/PrivateFrameworks/AppleFSCompression.framework/Versions/A/AppleFSCompression
0x000000003601e000 	/System/Library/PrivateFrameworks/SpeechRecognitionCore.framework/Versions/A/SpeechRecognitionCore
0x000000003601e000 	/System/Library/PrivateFrameworks/ChunkingLibrary.framework/Versions/A/ChunkingLibrary
0x0000000105334000 	/Library/Java/JavaVirtualMachines/jdk1.8.0_111.jdk/Contents/Home/jre/lib/server/libjvm.dylib
0x000000003601e000 	/usr/lib/libstdc++.6.dylib
0x0000000103e18000 	/Library/Java/JavaVirtualMachines/jdk1.8.0_111.jdk/Contents/Home/jre/lib/libverify.dylib
0x0000000103e26000 	/Library/Java/JavaVirtualMachines/jdk1.8.0_111.jdk/Contents/Home/jre/lib/libjava.dylib
0x0000000103e65000 	/Library/Java/JavaVirtualMachines/jdk1.8.0_111.jdk/Contents/Home/jre/lib/libzip.dylib
0x0000000120f6c000 	/System/Library/Frameworks/JavaVM.framework/Frameworks/JavaRuntimeSupport.framework/JavaRuntimeSupport
0x0000000120f86000 	/System/Library/Frameworks/JavaVM.framework/Versions/A/Frameworks/JavaNativeFoundation.framework/Versions/A/JavaNativeFoundation
0x0000000105296000 	/System/Library/Frameworks/JavaVM.framework/Versions/A/JavaVM
0x000000003601e000 	/System/Library/Frameworks/Carbon.framework/Versions/A/Carbon
0x0000000120f9b000 	/System/Library/PrivateFrameworks/JavaLaunching.framework/Versions/A/JavaLaunching
0x000000003601e000 	/System/Library/Frameworks/Carbon.framework/Versions/A/Frameworks/CommonPanels.framework/Versions/A/CommonPanels
0x000000003601e000 	/System/Library/Frameworks/Carbon.framework/Versions/A/Frameworks/Help.framework/Versions/A/Help
0x000000003601e000 	/System/Library/Frameworks/Carbon.framework/Versions/A/Frameworks/ImageCapture.framework/Versions/A/ImageCapture
0x000000003601e000 	/System/Library/Frameworks/Carbon.framework/Versions/A/Frameworks/OpenScripting.framework/Versions/A/OpenScripting
0x000000003601e000 	/System/Library/Frameworks/Carbon.framework/Versions/A/Frameworks/Print.framework/Versions/A/Print
0x000000003601e000 	/System/Library/Frameworks/Carbon.framework/Versions/A/Frameworks/SecurityHI.framework/Versions/A/SecurityHI
0x00000001228cc000 	/Library/Java/JavaVirtualMachines/jdk1.8.0_111.jdk/Contents/Home/jre/lib/libawt.dylib
0x0000000122974000 	/Library/Java/JavaVirtualMachines/jdk1.8.0_111.jdk/Contents/Home/jre/lib/./libmlib_image.dylib
0x0000000122a40000 	/Library/Java/JavaVirtualMachines/jdk1.8.0_111.jdk/Contents/Home/jre/lib/libawt_lwawt.dylib
0x0000000122af5000 	/Library/Java/JavaVirtualMachines/jdk1.8.0_111.jdk/Contents/Home/jre/lib/./libosxapp.dylib
0x000000003601e000 	/System/Library/Frameworks/ExceptionHandling.framework/Versions/A/ExceptionHandling
0x000000003601e000 	/System/Library/PrivateFrameworks/CoreServicesInternal.framework/Versions/A/CoreServicesInternal
0x000000003601e000 	/System/Library/CoreServices/RawCamera.bundle/Contents/MacOS/RawCamera
0x000000003601e000 	/System/Library/Frameworks/Accelerate.framework/Versions/A/Frameworks/vImage.framework/Versions/A/Libraries/libCGInterfaces.dylib
0x000000003601e000 	/System/Library/Frameworks/ApplicationServices.framework/Versions/A/Frameworks/ATS.framework/Versions/A/Resources/libTrueTypeScaler.dylib
0x000000003601e000 	/System/Library/Frameworks/OpenGL.framework/Versions/A/Resources/GLEngine.bundle/GLEngine
0x000000003601e000 	/System/Library/Frameworks/OpenGL.framework/Versions/A/Libraries/libGLProgrammability.dylib
0x0000000124c89000 	/System/Library/Extensions/AppleIntelHD5000GraphicsGLDriver.bundle/Contents/MacOS/AppleIntelHD5000GraphicsGLDriver
0x000000003601e000 	/System/Library/PrivateFrameworks/GPUSupport.framework/Versions/A/Libraries/libGPUSupportMercury.dylib
0x000000012540b000 	/System/Library/Extensions/AMDRadeonX4000GLDriver.bundle/Contents/MacOS/AMDRadeonX4000GLDriver
0x00000001254de000 	/System/Library/Extensions/AMDRadeonX4000GLDriver.bundle/Contents/MacOS/ATIRadeonX4000SCLib.dylib
0x000000003601e000 	/System/Library/Frameworks/OpenGL.framework/Versions/A/Resources/GLRendererFloat.bundle/GLRendererFloat
0x000000003601e000 	/System/Library/Frameworks/OpenCL.framework/Versions/A/Libraries/libcldcpuengine.dylib
0x000000003601e000 	/usr/lib/libcrypto.0.9.8.dylib
0x000000003601e000 	/System/Library/PrivateFrameworks/TrustEvaluationAgent.framework/Versions/A/TrustEvaluationAgent
0x000000003601e000 	/System/Library/Extensions/AMDMTLBronzeDriver.bundle/Contents/MacOS/AMDMTLBronzeDriver
0x000000003601e000 	/System/Library/PrivateFrameworks/IOAccelMemoryInfo.framework/Versions/A/IOAccelMemoryInfo
0x0000000125a3f000 	/System/Library/Extensions/AppleIntelHD5000GraphicsMTLDriver.bundle/Contents/MacOS/AppleIntelHD5000GraphicsMTLDriver
0x000000003601e000 	/System/Library/PrivateFrameworks/FamilyControls.framework/Versions/A/FamilyControls
0x000000003601e000 	/System/Library/PrivateFrameworks/CommerceKit.framework/Versions/A/Frameworks/CommerceCore.framework/Versions/A/CommerceCore
0x000000003601e000 	/System/Library/PrivateFrameworks/SystemAdministration.framework/Versions/A/SystemAdministration
0x000000003601e000 	/System/Library/PrivateFrameworks/AppContainer.framework/Versions/A/AppContainer
0x000000003601e000 	/System/Library/PrivateFrameworks/SecCodeWrapper.framework/Versions/A/SecCodeWrapper
0x000000003601e000 	/System/Library/Frameworks/DirectoryService.framework/Versions/A/DirectoryService
0x000000003601e000 	/System/Library/PrivateFrameworks/DiskImages.framework/Versions/A/DiskImages
0x000000003601e000 	/System/Library/PrivateFrameworks/LoginUIKit.framework/Versions/A/Frameworks/LoginUICore.framework/Versions/A/LoginUICore
0x000000003601e000 	/usr/lib/libCoreStorage.dylib
0x000000003601e000 	/usr/lib/libcsfde.dylib
0x000000003601e000 	/usr/lib/libodfde.dylib
0x000000003601e000 	/System/Library/Frameworks/DiscRecording.framework/Versions/A/DiscRecording
0x000000003601e000 	/usr/lib/libcurl.4.dylib
0x000000003601e000 	/System/Library/PrivateFrameworks/MediaKit.framework/Versions/A/MediaKit
0x000000003601e000 	/System/Library/PrivateFrameworks/ProtectedCloudStorage.framework/Versions/A/ProtectedCloudStorage
0x000000003601e000 	/System/Library/PrivateFrameworks/EFILogin.framework/Versions/A/EFILogin
0x000000003601e000 	/usr/lib/libutil.dylib
0x000000003601e000 	/System/Library/Frameworks/LDAP.framework/Versions/A/LDAP
0x000000003601e000 	/usr/lib/libsasl2.2.dylib
0x000000003601e000 	/System/Library/PrivateFrameworks/CoreDaemon.framework/Versions/B/CoreDaemon
0x000000003601e000 	/System/Library/PrivateFrameworks/AppleSRP.framework/Versions/A/AppleSRP
0x000000003601e000 	/System/Library/PrivateFrameworks/APFS.framework/Versions/A/APFS
0x0000000126e7d000 	/Library/Java/JavaVirtualMachines/jdk1.8.0_111.jdk/Contents/Home/jre/lib/libfontmanager.dylib
0x0000000126ee4000 	/Users/kartiksoni/Documents/lwjgl-2.9.2/native/macosx/liblwjgl.dylib
0x00000001234a7000 	/Library/Java/JavaVirtualMachines/jdk1.8.0_111.jdk/Contents/Home/jre/lib/libjawt.dylib

VM Arguments:
jvm_args: -Dfile.encoding=UTF-8 -Djava.library.path=/Users/kartiksoni/Documents/lwjgl-2.9.2/native/macosx 
java_command: cpp.cs445.project2.CppCs480Project2
java_class_path (initial): /Users/kartiksoni/Documents/lwjgl-2.9.2/jar/AppleJavaExtensions.jar:/Users/kartiksoni/Documents/lwjgl-2.9.2/jar/asm-debug-all.jar:/Users/kartiksoni/Documents/lwjgl-2.9.2/jar/jinput.jar:/Users/kartiksoni/Documents/lwjgl-2.9.2/jar/lwjgl-debug.jar:/Users/kartiksoni/Documents/lwjgl-2.9.2/jar/lwjgl.jar:/Users/kartiksoni/Documents/lwjgl-2.9.2/jar/lwjgl_test.jar:/Users/kartiksoni/Documents/lwjgl-2.9.2/jar/lwjgl_util.jar:/Users/kartiksoni/Documents/lwjgl-2.9.2/jar/lwjgl_util_applet.jar:/Users/kartiksoni/Documents/lwjgl-2.9.2/jar/lzma.jar:/Users/kartiksoni/NetBeansProjects/cpp.cs480.Project2/build/classes
Launcher Type: SUN_STANDARD

Environment Variables:
PATH=/usr/bin:/bin:/usr/sbin:/sbin
LD_LIBRARY_PATH=/Library/Java/JavaVirtualMachines/jdk1.8.0_111.jdk/Contents/Home/jre/lib/amd64:/Library/Java/JavaVirtualMachines/jdk1.8.0_111.jdk/Contents/Home/jre/lib/i386:
SHELL=/bin/bash

Signal Handlers:
SIGSEGV: [libjvm.dylib+0x5b03ed], sa_mask[0]=11111111011111110111111111111111, sa_flags=SA_ONSTACK|SA_RESTART|SA_SIGINFO
SIGBUS: [libjvm.dylib+0x5b03ed], sa_mask[0]=11111111011111110111111111111111, sa_flags=SA_RESTART|SA_SIGINFO
SIGFPE: [libjvm.dylib+0x48711c], sa_mask[0]=11111111011111110111111111111111, sa_flags=SA_RESTART|SA_SIGINFO
SIGPIPE: [libjvm.dylib+0x48711c], sa_mask[0]=11111111011111110111111111111111, sa_flags=SA_RESTART|SA_SIGINFO
SIGXFSZ: [libjvm.dylib+0x48711c], sa_mask[0]=11111111011111110111111111111111, sa_flags=SA_RESTART|SA_SIGINFO
SIGILL: [libjvm.dylib+0x48711c], sa_mask[0]=11111111011111110111111111111111, sa_flags=SA_RESTART|SA_SIGINFO
SIGUSR1: SIG_DFL, sa_mask[0]=00000000000000000000000000000000, sa_flags=none
SIGUSR2: [libjvm.dylib+0x486c3a], sa_mask[0]=00100000000000000000000000000000, sa_flags=SA_RESTART|SA_SIGINFO
SIGHUP: [libjvm.dylib+0x485211], sa_mask[0]=11111111011111110111111111111111, sa_flags=SA_RESTART|SA_SIGINFO
SIGINT: SIG_IGN, sa_mask[0]=00000000000000000000000000000000, sa_flags=none
SIGTERM: [libjvm.dylib+0x485211], sa_mask[0]=11111111011111110111111111111111, sa_flags=SA_RESTART|SA_SIGINFO
SIGQUIT: [libjvm.dylib+0x485211], sa_mask[0]=11111111011111110111111111111111, sa_flags=SA_RESTART|SA_SIGINFO


---------------  S Y S T E M  ---------------

OS:Bsduname:Darwin 16.0.0 Darwin Kernel Version 16.0.0: Mon Aug 29 17:56:20 PDT 2016; root:xnu-3789.1.32~3/RELEASE_X86_64 x86_64
rlimit: STACK 8192k, CORE 0k, NPROC 709, NOFILE 10240, AS infinity
load average:1.49 1.60 1.70

CPU:total 8 (4 cores per cpu, 2 threads per core) family 6 model 70 stepping 1, cmov, cx8, fxsr, mmx, sse, sse2, sse3, ssse3, sse4.1, sse4.2, popcnt, avx, avx2, aes, clmul, erms, lzcnt, ht, tsc, tscinvbit, bmi1, bmi2

Memory: 4k page, physical 16777216k(1642396k free)

/proc/meminfo:


vm_info: Java HotSpot(TM) 64-Bit Server VM (25.111-b14) for bsd-amd64 JRE (1.8.0_111-b14), built on Sep 22 2016 15:31:41 by "java_re" with gcc 4.2.1 (Based on Apple Inc. build 5658) (LLVM build 2336.11.00)

time: Tue Oct 25 12:31:40 2016
elapsed time: 4 seconds (0d 0h 0m 4s)

