#
# A fatal error has been detected by the Java Runtime Environment:
#
#  SIGSEGV (0xb) at pc=0x00007fffb8af6c22, pid=5501, tid=0x000000000000080b
#
# JRE version: Java(TM) SE Runtime Environment (8.0_111-b14) (build 1.8.0_111-b14)
# Java VM: Java HotSpot(TM) 64-Bit Server VM (25.111-b14 mixed mode bsd-amd64 compressed oops)
# Problematic frame:
# C  [libGPUSupportMercury.dylib+0xac22]  gldAttachDrawable+0x12f
#
# Failed to write core dump. Core dumps have been disabled. To enable core dumping, try "ulimit -c unlimited" before starting Java again
#
# If you would like to submit a bug report, please visit:
#   http://bugreport.java.com/bugreport/crash.jsp
# The crash happened outside the Java Virtual Machine in native code.
# See problematic frame for where to report the bug.
#

---------------  T H R E A D  ---------------

Current thread (0x00007f8d190a9800):  JavaThread "AppKit Thread" daemon [_thread_in_native, id=2059, stack(0x00007fff52fdb000,0x00007fff537db000)]

siginfo: si_signo: 11 (SIGSEGV), si_code: 0 (unknown), si_addr: 0x0000000000000000

Registers:
RAX=0x20200a3b2929302e, RBX=0x0000000000002715, RCX=0x0000000000000c24, RDX=0x00007f8d16e60550
RSP=0x00007fff537d52a0, RBP=0x00007fff537d53a0, RSI=0x0000000000000787, RDI=0x000000000000c56f
R8 =0x0000000000000000, R9 =0x00007f8d1b000a00, R10=0x000000000000003c, R11=0x0000000000000206
R12=0x00007f8d16e60548, R13=0x00007f8d19958200, R14=0x00007f8d16e60550, R15=0x0000000000000000
RIP=0x00007fffb8af6c22, EFLAGS=0x0000000000010206, ERR=0x0000000000000000
  TRAPNO=0x000000000000000d

Top of Stack: (sp=0x00007fff537d52a0)
0x00007fff537d52a0:   00007fff537d52e0 00007fffbc74de1e
0x00007fff537d52b0:   0000000000000000 4036000000000000
0x00007fff537d52c0:   4084000000000000 00007f8d1c809ee0
0x00007fff537d52d0:   20200a3b2929302e 00007f8d18060e0b
0x00007fff537d52e0:   00007fff537d5301 00000050bc65651e
0x00007fff537d52f0:   0000000000000000 4036000000000000
0x00007fff537d5300:   4084000000000000 407e000000000000
0x00007fff537d5310:   7ff0000000000000 7ff0000000000000
0x00007fff537d5320:   0000000000000000 0000000000000000
0x00007fff537d5330:   00007f8d16e3ccb0 0000c56fbc64e1b4
0x00007fff537d5340:   7ff0000000000000 7ff0000000000000
0x00007fff537d5350:   0000000000000000 0000000000000000
0x00007fff537d5360:   0000000000000000 00007fffbc6a928f
0x00007fff537d5370:   f0c04d2acf120008 00007f8d1c800000
0x00007fff537d5380:   0000000000002718 0000000000000000
0x00007fff537d5390:   0000000000000050 0000000000000000
0x00007fff537d53a0:   00007fff537d5400 00007fffb002a0eb
0x00007fff537d53b0:   409e000000000000 0000000000000000
0x00007fff537d53c0:   00007f8d1c809ee0 0000000000000000
0x00007fff537d53d0:   00007f8d16e60548 00007f8d19953c88
0x00007fff537d53e0:   00007f8d19953d50 00007f8d19953d80
0x00007fff537d53f0:   00007f8d19951e00 f0c04d2acf120008
0x00007fff537d5400:   00007fff537d54e0 00007fffb0008bcc
0x00007fff537d5410:   4075200000000000 4084000000000000
0x00007fff537d5420:   407f600000000000 0000000000000000
0x00007fff537d5430:   4036000000000000 4084000000000000
0x00007fff537d5440:   407e000000000000 0000000000000002
0x00007fff537d5450:   0000000000000000 0000000000000004
0x00007fff537d5460:   00007f8d16e60548 0000000000000004
0x00007fff537d5470:   00007fff537d54e0 00007fffb000d994
0x00007fff537d5480:   00000004537d54a0 00007f8d19953d50
0x00007fff537d5490:   00007f8d19953c88 0000000200001002 

Instructions: (pc=0x00007fffb8af6c22)
0x00007fffb8af6c02:   24 04 81 e1 3f 8c 00 00 48 8b 85 38 ff ff ff 44
0x00007fffb8af6c12:   8b 80 38 02 00 00 4c 89 f2 48 8b 85 30 ff ff ff
0x00007fffb8af6c22:   ff 50 08 bb 15 27 00 00 85 c0 0f 85 31 02 00 00
0x00007fffb8af6c32:   49 8b 4d 60 41 8b 06 eb 10 41 8b 06 bb 15 27 00 

Register to memory mapping:

RAX=0x20200a3b2929302e is an unknown value
RBX=0x0000000000002715 is an unknown value
RCX=0x0000000000000c24 is an unknown value
RDX=0x00007f8d16e60550 is an unknown value
RSP=0x00007fff537d52a0 is pointing into the stack for thread: 0x00007f8d190a9800
RBP=0x00007fff537d53a0 is pointing into the stack for thread: 0x00007f8d190a9800
RSI=0x0000000000000787 is an unknown value
RDI=0x000000000000c56f is an unknown value
R8 =0x0000000000000000 is an unknown value
R9 =0x00007f8d1b000a00 is an unknown value
R10=0x000000000000003c is an unknown value
R11=0x0000000000000206 is an unknown value
R12=0x00007f8d16e60548 is an unknown value
R13=0x00007f8d19958200 is an unknown value
R14=0x00007f8d16e60550 is an unknown value
R15=0x0000000000000000 is an unknown value


Stack: [0x00007fff52fdb000,0x00007fff537db000],  sp=0x00007fff537d52a0,  free space=8168k
Native frames: (J=compiled Java code, j=interpreted, Vv=VM code, C=native code)
C  [libGPUSupportMercury.dylib+0xac22]  gldAttachDrawable+0x12f
C  [GLEngine+0x160eb]  gliAttachDrawableWithOptions+0x106
C  [OpenGL+0x3bcc]  glcGetIOAccelService+0xe8c
C  [OpenGL+0x7746]  CGLSetPBuffer+0xb45
C  [OpenGL+0x7a64]  CGLSetSurface+0x125
C  [AppKit+0x335ed0]  NSOpenGLContextAttachOnScreenViewSurface+0x187
C  [AppKit+0x69bb4e]  __27-[NSOpenGLContext setView:]_block_invoke+0xd3
C  [AppKit+0x179e15]  NSPerformVisuallyAtomicChange+0x93
C  [AppKit+0x322784]  -[NSOpenGLContext setView:]+0x69
C  [liblwjgl.dylib+0xa586]  -[MacOSXOpenGLView lockFocus]+0x76
C  [AppKit+0x19ce1a]  -[NSView _recursiveDisplayRectIfNeededIgnoringOpacity:isVisibleRect:rectIsVisibleRectForView:topView:]+0x6ee
C  [AppKit+0x19d670]  -[NSView _recursiveDisplayRectIfNeededIgnoringOpacity:isVisibleRect:rectIsVisibleRectForView:topView:]+0xf44
C  [AppKit+0x19c24f]  -[NSThemeFrame _recursiveDisplayRectIfNeededIgnoringOpacity:isVisibleRect:rectIsVisibleRectForView:topView:]+0x14e
C  [AppKit+0x19a677]  -[NSView _displayRectIgnoringOpacity:isVisibleRect:rectIsVisibleRectForView:]+0x994
C  [AppKit+0x195f60]  -[NSView displayIfNeeded]+0x6d4
C  [AppKit+0x195873]  -[NSWindow displayIfNeeded]+0xe6
C  [AppKit+0x87ae32]  ___NSWindowGetDisplayCycleObserver_block_invoke.6208+0x115
C  [AppKit+0x195355]  __37+[NSDisplayCycle currentDisplayCycle]_block_invoke+0x1c6
C  [QuartzCore+0x11a4a]  CA::Transaction::run_commit_handlers(CATransactionPhase)+0x2e
C  [QuartzCore+0x119270]  CA::Context::commit_transaction(CA::Transaction*)+0xa0
C  [QuartzCore+0x105e5]  CA::Transaction::commit()+0x1db
C  [AppKit+0x46b1cd]  __37+[NSDisplayCycle currentDisplayCycle]_block_invoke.31+0x143
C  [CoreFoundation+0xa6f67]  __CFRUNLOOP_IS_CALLING_OUT_TO_AN_OBSERVER_CALLBACK_FUNCTION__+0x17
C  [CoreFoundation+0xa6ed7]  __CFRunLoopDoObservers+0x187
C  [CoreFoundation+0x87b79]  __CFRunLoopRun+0x369
C  [CoreFoundation+0x875b4]  CFRunLoopRunSpecific+0x1a4
C  [HIToolbox+0x30f6c]  RunCurrentEventLoopInMode+0xf0
C  [HIToolbox+0x30ca9]  ReceiveNextEventCommon+0xb8
C  [HIToolbox+0x30bd6]  _BlockUntilNextEventMatchingListInModeWithFilter+0x47
C  [AppKit+0x475f5]  _DPSNextEvent+0x445
C  [AppKit+0x7578eb]  -[NSApplication(NSEvent) _nextEventMatchingEventMask:untilDate:inMode:dequeue:]+0x665
C  [libosxapp.dylib+0x23aa]  -[NSApplicationAWT nextEventMatchingMask:untilDate:inMode:dequeue:]+0x7c
C  [AppKit+0x3bfbd]  -[NSApplication run]+0x39e
C  [libosxapp.dylib+0x214d]  +[NSApplicationAWT runAWTLoopWithApp:]+0x9c
C  [libawt_lwawt.dylib+0x444b3]  -[AWTStarter starter:]+0x389
C  [Foundation+0x71f2a]  __NSThreadPerformPerform+0x146
C  [CoreFoundation+0xa7551]  __CFRUNLOOP_IS_CALLING_OUT_TO_A_SOURCE0_PERFORM_FUNCTION__+0x11
C  [CoreFoundation+0x886bd]  __CFRunLoopDoSources0+0x22d
C  [CoreFoundation+0x87bb6]  __CFRunLoopRun+0x3a6
C  [CoreFoundation+0x875b4]  CFRunLoopRunSpecific+0x1a4
C  [java+0x6465]  CreateExecutionEnvironment+0x367
C  [java+0x218c]  JLI_Launch+0x7a0
C  [java+0x84c2]  main+0x65
C  [java+0x19e4]  start+0x34
C  0x0000000000000006


---------------  P R O C E S S  ---------------

Java Threads: ( => current thread )
  0x00007f8d19137000 JavaThread "AWT-Shutdown" [_thread_blocked, id=37391, stack(0x0000700007194000,0x0000700007294000)]
=>0x00007f8d190a9800 JavaThread "AppKit Thread" daemon [_thread_in_native, id=2059, stack(0x00007fff52fdb000,0x00007fff537db000)]
  0x00007f8d17851000 JavaThread "Service Thread" daemon [_thread_blocked, id=21251, stack(0x0000700008450000,0x0000700008550000)]
  0x00007f8d1a800000 JavaThread "C1 CompilerThread3" daemon [_thread_blocked, id=20739, stack(0x000070000834d000,0x000070000844d000)]
  0x00007f8d1780c800 JavaThread "C2 CompilerThread2" daemon [_thread_blocked, id=20227, stack(0x000070000824a000,0x000070000834a000)]
  0x00007f8d19030000 JavaThread "C2 CompilerThread1" daemon [_thread_blocked, id=19715, stack(0x0000700008147000,0x0000700008247000)]
  0x00007f8d1902e000 JavaThread "C2 CompilerThread0" daemon [_thread_blocked, id=19203, stack(0x0000700008044000,0x0000700008144000)]
  0x00007f8d19017800 JavaThread "Signal Dispatcher" daemon [_thread_blocked, id=18691, stack(0x0000700007f41000,0x0000700008041000)]
  0x00007f8d1783e800 JavaThread "Finalizer" daemon [_thread_blocked, id=14595, stack(0x0000700007e3e000,0x0000700007f3e000)]
  0x00007f8d1783c000 JavaThread "Reference Handler" daemon [_thread_blocked, id=14083, stack(0x0000700007d3b000,0x0000700007e3b000)]
  0x00007f8d19002000 JavaThread "main" [_thread_in_native, id=7171, stack(0x000070000731d000,0x000070000741d000)]

Other Threads:
  0x00007f8d17837800 VMThread [stack: 0x0000700007c38000,0x0000700007d38000] [id=13571]
  0x00007f8d17813000 WatcherThread [stack: 0x0000700008553000,0x0000700008653000] [id=21763]

VM state:not at safepoint (normal execution)

VM Mutex/Monitor currently owned by a thread: None

Heap:
 PSYoungGen      total 76288K, used 14419K [0x000000076ab00000, 0x0000000770000000, 0x00000007c0000000)
  eden space 65536K, 22% used [0x000000076ab00000,0x000000076b914e00,0x000000076eb00000)
  from space 10752K, 0% used [0x000000076f580000,0x000000076f580000,0x0000000770000000)
  to   space 10752K, 0% used [0x000000076eb00000,0x000000076eb00000,0x000000076f580000)
 ParOldGen       total 175104K, used 0K [0x00000006c0000000, 0x00000006cab00000, 0x000000076ab00000)
  object space 175104K, 0% used [0x00000006c0000000,0x00000006c0000000,0x00000006cab00000)
 Metaspace       used 6199K, capacity 6331K, committed 6656K, reserved 1056768K
  class space    used 635K, capacity 696K, committed 768K, reserved 1048576K

Card table byte_map: [0x000000010e961000,0x000000010f162000] byte_map_base: 0x000000010b361000

Marking Bits: (ParMarkBitMap*) 0x000000010deefd20
 Begin Bits: [0x0000000126465000, 0x000000012a465000)
 End Bits:   [0x000000012a465000, 0x000000012e465000)

Polling page: 0x000000010c4e5000

CodeCache: size=245760Kb used=2713Kb max_used=2724Kb free=243046Kb
 bounds [0x0000000117465000, 0x0000000117715000, 0x0000000126465000]
 total_blobs=958 nmethods=611 adapters=261
 compilation: enabled

Compilation events (10 events):
Event: 60.441 Thread 0x00007f8d1a800000  607       3       java.nio.Bits::int1 (6 bytes)
Event: 60.441 Thread 0x00007f8d1a800000 nmethod 607 0x00000001177087d0 code [0x0000000117708920, 0x0000000117708a70]
Event: 60.441 Thread 0x00007f8d1a800000  608       3       java.nio.Bits::int0 (3 bytes)
Event: 60.441 Thread 0x00007f8d1a800000 nmethod 608 0x0000000117708410 code [0x0000000117708560, 0x0000000117708690]
Event: 60.441 Thread 0x00007f8d1a800000  604       3       java.nio.HeapByteBuffer::put (16 bytes)
Event: 60.442 Thread 0x00007f8d1a800000 nmethod 604 0x000000011770a550 code [0x000000011770a6e0, 0x000000011770aa88]
Event: 60.449 Thread 0x00007f8d1a800000  609       3       java.nio.Bits::putIntB (43 bytes)
Event: 60.449 Thread 0x00007f8d1a800000 nmethod 609 0x000000011770ac50 code [0x000000011770ae00, 0x000000011770b3f8]
Event: 60.478 Thread 0x00007f8d1a800000  610  s    3       org.lwjgl.opengl.EventQueue::copyEvents (77 bytes)
Event: 60.479 Thread 0x00007f8d1a800000 nmethod 610 0x000000011770b610 code [0x000000011770b7e0, 0x000000011770c2b8]

GC Heap History (0 events):
No events

Deoptimization events (1 events):
Event: 59.410 Thread 0x00007f8d19002000 Uncommon trap: reason=unstable_if action=reinterpret pc=0x00000001177076fc method=org.lwjgl.opengl.EventQueue.copyEvents(Ljava/nio/ByteBuffer;)V @ 27

Internal exceptions (10 events):
Event: 0.022 Thread 0x00007f8d19002000 Exception <a 'java/lang/NoSuchMethodError': Method sun.misc.Unsafe.defineClass(Ljava/lang/String;[BII)Ljava/lang/Class; name or signature does not match> (0x000000076ab07c78) thrown at [/Users/java_re/workspace/8-2-build-macosx-x86_64/jdk8u111/7883/hotspo
Event: 0.022 Thread 0x00007f8d19002000 Exception <a 'java/lang/NoSuchMethodError': Method sun.misc.Unsafe.prefetchRead(Ljava/lang/Object;J)V name or signature does not match> (0x000000076ab07f60) thrown at [/Users/java_re/workspace/8-2-build-macosx-x86_64/jdk8u111/7883/hotspot/src/share/vm/pri
Event: 0.084 Thread 0x00007f8d19002000 Exception <a 'java/security/PrivilegedActionException'> (0x000000076ac1ad00) thrown at [/Users/java_re/workspace/8-2-build-macosx-x86_64/jdk8u111/7883/hotspot/src/share/vm/prims/jvm.cpp, line 1386]
Event: 0.084 Thread 0x00007f8d19002000 Exception <a 'java/security/PrivilegedActionException'> (0x000000076ac1af10) thrown at [/Users/java_re/workspace/8-2-build-macosx-x86_64/jdk8u111/7883/hotspot/src/share/vm/prims/jvm.cpp, line 1386]
Event: 0.084 Thread 0x00007f8d19002000 Exception <a 'java/security/PrivilegedActionException'> (0x000000076ac1e400) thrown at [/Users/java_re/workspace/8-2-build-macosx-x86_64/jdk8u111/7883/hotspot/src/share/vm/prims/jvm.cpp, line 1386]
Event: 0.084 Thread 0x00007f8d19002000 Exception <a 'java/security/PrivilegedActionException'> (0x000000076ac1e610) thrown at [/Users/java_re/workspace/8-2-build-macosx-x86_64/jdk8u111/7883/hotspot/src/share/vm/prims/jvm.cpp, line 1386]
Event: 0.112 Thread 0x00007f8d19002000 Exception <a 'java/lang/NoSuchFieldError': method resolution failed> (0x000000076ae32ee8) thrown at [/Users/java_re/workspace/8-2-build-macosx-x86_64/jdk8u111/7883/hotspot/src/share/vm/prims/methodHandles.cpp, line 1146]
Event: 0.113 Thread 0x00007f8d19002000 Exception <a 'java/lang/NoSuchFieldError': method resolution failed> (0x000000076ae40638) thrown at [/Users/java_re/workspace/8-2-build-macosx-x86_64/jdk8u111/7883/hotspot/src/share/vm/prims/methodHandles.cpp, line 1146]
Event: 0.217 Thread 0x00007f8d19002000 Exception <a 'java/io/FileNotFoundException'> (0x000000076aebb830) thrown at [/Users/java_re/workspace/8-2-build-macosx-x86_64/jdk8u111/7883/hotspot/src/share/vm/prims/jni.cpp, line 709]
Event: 0.217 Thread 0x00007f8d19002000 Exception <a 'java/io/FileNotFoundException'> (0x000000076aebc3b8) thrown at [/Users/java_re/workspace/8-2-build-macosx-x86_64/jdk8u111/7883/hotspot/src/share/vm/prims/jni.cpp, line 709]

Events (10 events):
Event: 30.222 Thread 0x00007f8d1d084800 Thread added: 0x00007f8d1d084800
Event: 31.264 Executing VM operation: RevokeBias
Event: 31.264 Executing VM operation: RevokeBias done
Event: 31.264 Thread 0x00007f8d1d084800 Thread exited: 0x00007f8d1d084800
Event: 58.961 Thread 0x00007f8d19137000 Thread added: 0x00007f8d19137000
Event: 59.410 Thread 0x00007f8d19002000 Uncommon trap: trap_request=0xffffff65 fr.pc=0x00000001177076fc
Event: 59.410 Thread 0x00007f8d19002000 DEOPT PACKING pc=0x00000001177076fc sp=0x000070000741c4f0
Event: 59.410 Thread 0x00007f8d19002000 DEOPT UNPACKING pc=0x000000011746a229 sp=0x000070000741c4a8 mode 2
Event: 60.746 loading class org/lwjgl/opengl/CallbackUtil
Event: 60.746 loading class org/lwjgl/opengl/CallbackUtil done


Dynamic libraries:
0x000000003601e000 	/System/Library/Frameworks/Cocoa.framework/Versions/A/Cocoa
0x000000003601e000 	/System/Library/Frameworks/Security.framework/Versions/A/Security
0x000000003601e000 	/System/Library/Frameworks/ApplicationServices.framework/Versions/A/ApplicationServices
0x000000003601e000 	/usr/lib/libz.1.dylib
0x000000003601e000 	/usr/lib/libSystem.B.dylib
0x000000003601e000 	/usr/lib/libobjc.A.dylib
0x000000003601e000 	/System/Library/Frameworks/CoreFoundation.framework/Versions/A/CoreFoundation
0x000000003601e000 	/System/Library/Frameworks/Foundation.framework/Versions/C/Foundation
0x000000003601e000 	/System/Library/Frameworks/AppKit.framework/Versions/C/AppKit
0x000000003601e000 	/System/Library/Frameworks/CoreData.framework/Versions/A/CoreData
0x000000003601e000 	/System/Library/PrivateFrameworks/RemoteViewServices.framework/Versions/A/RemoteViewServices
0x000000003601e000 	/System/Library/PrivateFrameworks/UIFoundation.framework/Versions/A/UIFoundation
0x000000003601e000 	/usr/lib/libenergytrace.dylib
0x000000003601e000 	/System/Library/PrivateFrameworks/SkyLight.framework/Versions/A/SkyLight
0x000000003601e000 	/System/Library/Frameworks/CoreGraphics.framework/Versions/A/CoreGraphics
0x000000003601e000 	/usr/lib/libScreenReader.dylib
0x000000003601e000 	/System/Library/Frameworks/Accelerate.framework/Versions/A/Accelerate
0x000000003601e000 	/System/Library/Frameworks/IOSurface.framework/Versions/A/IOSurface
0x000000003601e000 	/System/Library/Frameworks/AudioToolbox.framework/Versions/A/AudioToolbox
0x000000003601e000 	/System/Library/Frameworks/AudioUnit.framework/Versions/A/AudioUnit
0x000000003601e000 	/System/Library/PrivateFrameworks/DataDetectorsCore.framework/Versions/A/DataDetectorsCore
0x000000003601e000 	/System/Library/PrivateFrameworks/DesktopServicesPriv.framework/Versions/A/DesktopServicesPriv
0x000000003601e000 	/System/Library/Frameworks/Carbon.framework/Versions/A/Frameworks/HIToolbox.framework/Versions/A/HIToolbox
0x000000003601e000 	/usr/lib/libicucore.A.dylib
0x000000003601e000 	/System/Library/Frameworks/QuartzCore.framework/Versions/A/QuartzCore
0x000000003601e000 	/System/Library/Frameworks/Carbon.framework/Versions/A/Frameworks/SpeechRecognition.framework/Versions/A/SpeechRecognition
0x000000003601e000 	/usr/lib/libauto.dylib
0x000000003601e000 	/usr/lib/libxml2.2.dylib
0x000000003601e000 	/System/Library/PrivateFrameworks/CoreUI.framework/Versions/A/CoreUI
0x000000003601e000 	/System/Library/Frameworks/CoreAudio.framework/Versions/A/CoreAudio
0x000000003601e000 	/System/Library/Frameworks/DiskArbitration.framework/Versions/A/DiskArbitration
0x000000003601e000 	/usr/lib/liblangid.dylib
0x000000003601e000 	/System/Library/PrivateFrameworks/MultitouchSupport.framework/Versions/A/MultitouchSupport
0x000000003601e000 	/System/Library/Frameworks/IOKit.framework/Versions/A/IOKit
0x000000003601e000 	/usr/lib/libDiagnosticMessagesClient.dylib
0x000000003601e000 	/System/Library/Frameworks/CoreServices.framework/Versions/A/CoreServices
0x000000003601e000 	/System/Library/PrivateFrameworks/PerformanceAnalysis.framework/Versions/A/PerformanceAnalysis
0x000000003601e000 	/System/Library/PrivateFrameworks/GenerationalStorage.framework/Versions/A/GenerationalStorage
0x000000003601e000 	/System/Library/Frameworks/OpenGL.framework/Versions/A/OpenGL
0x000000003601e000 	/System/Library/Frameworks/CoreImage.framework/Versions/A/CoreImage
0x000000003601e000 	/System/Library/Frameworks/CoreText.framework/Versions/A/CoreText
0x000000003601e000 	/System/Library/Frameworks/ImageIO.framework/Versions/A/ImageIO
0x000000003601e000 	/System/Library/PrivateFrameworks/Backup.framework/Versions/A/Backup
0x000000003601e000 	/usr/lib/libarchive.2.dylib
0x000000003601e000 	/System/Library/Frameworks/CFNetwork.framework/Versions/A/CFNetwork
0x000000003601e000 	/System/Library/Frameworks/SystemConfiguration.framework/Versions/A/SystemConfiguration
0x000000003601e000 	/usr/lib/libCRFSuite.dylib
0x000000003601e000 	/usr/lib/libc++.1.dylib
0x000000003601e000 	/usr/lib/libc++abi.dylib
0x000000003601e000 	/usr/lib/system/libcache.dylib
0x000000003601e000 	/usr/lib/system/libcommonCrypto.dylib
0x000000003601e000 	/usr/lib/system/libcompiler_rt.dylib
0x000000003601e000 	/usr/lib/system/libcopyfile.dylib
0x000000003601e000 	/usr/lib/system/libcorecrypto.dylib
0x000000003601e000 	/usr/lib/system/libdispatch.dylib
0x000000003601e000 	/usr/lib/system/libdyld.dylib
0x000000003601e000 	/usr/lib/system/libkeymgr.dylib
0x000000003601e000 	/usr/lib/system/liblaunch.dylib
0x000000003601e000 	/usr/lib/system/libmacho.dylib
0x000000003601e000 	/usr/lib/system/libquarantine.dylib
0x000000003601e000 	/usr/lib/system/libremovefile.dylib
0x000000003601e000 	/usr/lib/system/libsystem_asl.dylib
0x000000003601e000 	/usr/lib/system/libsystem_blocks.dylib
0x000000003601e000 	/usr/lib/system/libsystem_c.dylib
0x000000003601e000 	/usr/lib/system/libsystem_configuration.dylib
0x000000003601e000 	/usr/lib/system/libsystem_coreservices.dylib
0x000000003601e000 	/usr/lib/system/libsystem_coretls.dylib
0x000000003601e000 	/usr/lib/system/libsystem_dnssd.dylib
0x000000003601e000 	/usr/lib/system/libsystem_info.dylib
0x000000003601e000 	/usr/lib/system/libsystem_kernel.dylib
0x000000003601e000 	/usr/lib/system/libsystem_m.dylib
0x000000003601e000 	/usr/lib/system/libsystem_malloc.dylib
0x000000003601e000 	/usr/lib/system/libsystem_network.dylib
0x000000003601e000 	/usr/lib/system/libsystem_networkextension.dylib
0x000000003601e000 	/usr/lib/system/libsystem_notify.dylib
0x000000003601e000 	/usr/lib/system/libsystem_platform.dylib
0x000000003601e000 	/usr/lib/system/libsystem_pthread.dylib
0x000000003601e000 	/usr/lib/system/libsystem_sandbox.dylib
0x000000003601e000 	/usr/lib/system/libsystem_secinit.dylib
0x000000003601e000 	/usr/lib/system/libsystem_symptoms.dylib
0x000000003601e000 	/usr/lib/system/libsystem_trace.dylib
0x000000003601e000 	/usr/lib/system/libunwind.dylib
0x000000003601e000 	/usr/lib/system/libxpc.dylib
0x000000003601e000 	/usr/lib/libbsm.0.dylib
0x000000003601e000 	/usr/lib/system/libkxld.dylib
0x000000003601e000 	/usr/lib/libcoretls.dylib
0x000000003601e000 	/usr/lib/libcoretls_cfhelpers.dylib
0x000000003601e000 	/usr/lib/libxar.1.dylib
0x000000003601e000 	/usr/lib/libsqlite3.dylib
0x000000003601e000 	/usr/lib/libpam.2.dylib
0x000000003601e000 	/usr/lib/libOpenScriptingUtil.dylib
0x000000003601e000 	/usr/lib/libbz2.1.0.dylib
0x000000003601e000 	/usr/lib/liblzma.5.dylib
0x000000003601e000 	/usr/lib/libnetwork.dylib
0x000000003601e000 	/usr/lib/libpcap.A.dylib
0x000000003601e000 	/System/Library/Frameworks/CoreServices.framework/Versions/A/Frameworks/FSEvents.framework/Versions/A/FSEvents
0x000000003601e000 	/System/Library/Frameworks/CoreServices.framework/Versions/A/Frameworks/CarbonCore.framework/Versions/A/CarbonCore
0x000000003601e000 	/System/Library/Frameworks/CoreServices.framework/Versions/A/Frameworks/Metadata.framework/Versions/A/Metadata
0x000000003601e000 	/System/Library/Frameworks/CoreServices.framework/Versions/A/Frameworks/OSServices.framework/Versions/A/OSServices
0x000000003601e000 	/System/Library/Frameworks/CoreServices.framework/Versions/A/Frameworks/SearchKit.framework/Versions/A/SearchKit
0x000000003601e000 	/System/Library/Frameworks/CoreServices.framework/Versions/A/Frameworks/AE.framework/Versions/A/AE
0x000000003601e000 	/System/Library/Frameworks/CoreServices.framework/Versions/A/Frameworks/LaunchServices.framework/Versions/A/LaunchServices
0x000000003601e000 	/System/Library/Frameworks/CoreServices.framework/Versions/A/Frameworks/DictionaryServices.framework/Versions/A/DictionaryServices
0x000000003601e000 	/System/Library/Frameworks/CoreServices.framework/Versions/A/Frameworks/SharedFileList.framework/Versions/A/SharedFileList
0x000000003601e000 	/System/Library/Frameworks/NetFS.framework/Versions/A/NetFS
0x000000003601e000 	/System/Library/PrivateFrameworks/NetAuth.framework/Versions/A/NetAuth
0x000000003601e000 	/System/Library/PrivateFrameworks/login.framework/Versions/A/Frameworks/loginsupport.framework/Versions/A/loginsupport
0x000000003601e000 	/System/Library/PrivateFrameworks/TCC.framework/Versions/A/TCC
0x000000003601e000 	/usr/lib/libmecabra.dylib
0x000000003601e000 	/System/Library/Frameworks/ApplicationServices.framework/Versions/A/Frameworks/ATS.framework/Versions/A/ATS
0x000000003601e000 	/System/Library/Frameworks/ApplicationServices.framework/Versions/A/Frameworks/ColorSync.framework/Versions/A/ColorSync
0x000000003601e000 	/System/Library/Frameworks/ApplicationServices.framework/Versions/A/Frameworks/HIServices.framework/Versions/A/HIServices
0x000000003601e000 	/System/Library/Frameworks/ApplicationServices.framework/Versions/A/Frameworks/LangAnalysis.framework/Versions/A/LangAnalysis
0x000000003601e000 	/System/Library/Frameworks/ApplicationServices.framework/Versions/A/Frameworks/PrintCore.framework/Versions/A/PrintCore
0x000000003601e000 	/System/Library/Frameworks/ApplicationServices.framework/Versions/A/Frameworks/QD.framework/Versions/A/QD
0x000000003601e000 	/System/Library/Frameworks/ApplicationServices.framework/Versions/A/Frameworks/SpeechSynthesis.framework/Versions/A/SpeechSynthesis
0x000000003601e000 	/System/Library/Frameworks/Accelerate.framework/Versions/A/Frameworks/vImage.framework/Versions/A/vImage
0x000000003601e000 	/System/Library/Frameworks/Accelerate.framework/Versions/A/Frameworks/vecLib.framework/Versions/A/vecLib
0x000000003601e000 	/System/Library/Frameworks/Accelerate.framework/Versions/A/Frameworks/vecLib.framework/Versions/A/libvDSP.dylib
0x000000003601e000 	/System/Library/Frameworks/Accelerate.framework/Versions/A/Frameworks/vecLib.framework/Versions/A/libBNNS.dylib
0x000000003601e000 	/System/Library/Frameworks/Accelerate.framework/Versions/A/Frameworks/vecLib.framework/Versions/A/libQuadrature.dylib
0x000000003601e000 	/System/Library/Frameworks/Accelerate.framework/Versions/A/Frameworks/vecLib.framework/Versions/A/libvMisc.dylib
0x000000003601e000 	/System/Library/Frameworks/Accelerate.framework/Versions/A/Frameworks/vecLib.framework/Versions/A/libLAPACK.dylib
0x000000003601e000 	/System/Library/Frameworks/Accelerate.framework/Versions/A/Frameworks/vecLib.framework/Versions/A/libBLAS.dylib
0x000000003601e000 	/System/Library/Frameworks/Accelerate.framework/Versions/A/Frameworks/vecLib.framework/Versions/A/libLinearAlgebra.dylib
0x000000003601e000 	/System/Library/Frameworks/Accelerate.framework/Versions/A/Frameworks/vecLib.framework/Versions/A/libSparseBLAS.dylib
0x000000003601e000 	/System/Library/Frameworks/ApplicationServices.framework/Versions/A/Frameworks/ATS.framework/Versions/A/Resources/libFontParser.dylib
0x000000003601e000 	/System/Library/Frameworks/ApplicationServices.framework/Versions/A/Frameworks/ATS.framework/Versions/A/Resources/libFontRegistry.dylib
0x000000003601e000 	/System/Library/Frameworks/ImageIO.framework/Versions/A/Resources/libJPEG.dylib
0x000000003601e000 	/System/Library/Frameworks/ImageIO.framework/Versions/A/Resources/libTIFF.dylib
0x000000003601e000 	/System/Library/Frameworks/ImageIO.framework/Versions/A/Resources/libPng.dylib
0x000000003601e000 	/System/Library/Frameworks/ImageIO.framework/Versions/A/Resources/libGIF.dylib
0x000000003601e000 	/System/Library/Frameworks/ImageIO.framework/Versions/A/Resources/libJP2.dylib
0x000000003601e000 	/System/Library/Frameworks/ImageIO.framework/Versions/A/Resources/libRadiance.dylib
0x000000003601e000 	/usr/lib/libcompression.dylib
0x000000003601e000 	/System/Library/PrivateFrameworks/AppleJPEG.framework/Versions/A/AppleJPEG
0x000000003601e000 	/usr/lib/libcups.2.dylib
0x000000003601e000 	/System/Library/Frameworks/Kerberos.framework/Versions/A/Kerberos
0x000000003601e000 	/System/Library/Frameworks/GSS.framework/Versions/A/GSS
0x000000003601e000 	/usr/lib/libresolv.9.dylib
0x000000003601e000 	/usr/lib/libiconv.2.dylib
0x000000003601e000 	/System/Library/PrivateFrameworks/Heimdal.framework/Versions/A/Heimdal
0x000000003601e000 	/usr/lib/libheimdal-asn1.dylib
0x000000003601e000 	/System/Library/Frameworks/OpenDirectory.framework/Versions/A/OpenDirectory
0x000000003601e000 	/System/Library/PrivateFrameworks/CommonAuth.framework/Versions/A/CommonAuth
0x000000003601e000 	/System/Library/Frameworks/OpenDirectory.framework/Versions/A/Frameworks/CFOpenDirectory.framework/Versions/A/CFOpenDirectory
0x000000003601e000 	/System/Library/Frameworks/SecurityFoundation.framework/Versions/A/SecurityFoundation
0x000000003601e000 	/System/Library/PrivateFrameworks/LanguageModeling.framework/Versions/A/LanguageModeling
0x000000003601e000 	/usr/lib/libmarisa.dylib
0x000000003601e000 	/usr/lib/libChineseTokenizer.dylib
0x000000003601e000 	/usr/lib/libcmph.dylib
0x000000003601e000 	/System/Library/PrivateFrameworks/CoreEmoji.framework/Versions/A/CoreEmoji
0x000000003601e000 	/System/Library/Frameworks/ServiceManagement.framework/Versions/A/ServiceManagement
0x000000003601e000 	/usr/lib/libxslt.1.dylib
0x000000003601e000 	/System/Library/Frameworks/Carbon.framework/Versions/A/Frameworks/Ink.framework/Versions/A/Ink
0x000000003601e000 	/System/Library/PrivateFrameworks/TextureIO.framework/Versions/A/TextureIO
0x000000003601e000 	/System/Library/Frameworks/Metal.framework/Versions/A/Metal
0x000000003601e000 	/usr/lib/libate.dylib
0x000000003601e000 	/System/Library/PrivateFrameworks/GPUCompiler.framework/libmetal_timestamp.dylib
0x000000003601e000 	/System/Library/Frameworks/OpenGL.framework/Versions/A/Libraries/libCoreFSCache.dylib
0x000000003601e000 	/System/Library/PrivateFrameworks/IOAccelerator.framework/Versions/A/IOAccelerator
0x000000003601e000 	/System/Library/Frameworks/CoreVideo.framework/Versions/A/CoreVideo
0x000000003601e000 	/usr/lib/libFosl_dynamic.dylib
0x000000003601e000 	/System/Library/PrivateFrameworks/MetalPerformanceShaders.framework/Versions/A/MetalPerformanceShaders
0x000000003601e000 	/System/Library/PrivateFrameworks/FaceCore.framework/Versions/A/FaceCore
0x000000003601e000 	/System/Library/Frameworks/OpenCL.framework/Versions/A/OpenCL
0x000000003601e000 	/System/Library/Frameworks/OpenGL.framework/Versions/A/Libraries/libGLU.dylib
0x000000003601e000 	/System/Library/Frameworks/OpenGL.framework/Versions/A/Libraries/libGFXShared.dylib
0x000000003601e000 	/System/Library/Frameworks/OpenGL.framework/Versions/A/Libraries/libGL.dylib
0x000000003601e000 	/System/Library/Frameworks/OpenGL.framework/Versions/A/Libraries/libGLImage.dylib
0x000000003601e000 	/System/Library/Frameworks/OpenGL.framework/Versions/A/Libraries/libCVMSPluginSupport.dylib
0x000000003601e000 	/System/Library/Frameworks/OpenGL.framework/Versions/A/Libraries/libCoreVMClient.dylib
0x000000003601e000 	/System/Library/PrivateFrameworks/CrashReporterSupport.framework/Versions/A/CrashReporterSupport
0x000000003601e000 	/System/Library/PrivateFrameworks/Sharing.framework/Versions/A/Sharing
0x000000003601e000 	/System/Library/PrivateFrameworks/IconServices.framework/Versions/A/IconServices
0x000000003601e000 	/System/Library/PrivateFrameworks/ProtocolBuffer.framework/Versions/A/ProtocolBuffer
0x000000003601e000 	/System/Library/PrivateFrameworks/Apple80211.framework/Versions/A/Apple80211
0x000000003601e000 	/System/Library/Frameworks/CoreWLAN.framework/Versions/A/CoreWLAN
0x000000003601e000 	/System/Library/PrivateFrameworks/CoreUtils.framework/Versions/A/CoreUtils
0x000000003601e000 	/System/Library/Frameworks/IOBluetooth.framework/Versions/A/IOBluetooth
0x000000003601e000 	/System/Library/PrivateFrameworks/CoreWiFi.framework/Versions/A/CoreWiFi
0x000000003601e000 	/System/Library/Frameworks/CoreBluetooth.framework/Versions/A/CoreBluetooth
0x000000003601e000 	/System/Library/Frameworks/CoreDisplay.framework/Versions/A/CoreDisplay
0x000000003601e000 	/System/Library/PrivateFrameworks/IOPresentment.framework/Versions/A/IOPresentment
0x000000003601e000 	/System/Library/PrivateFrameworks/DebugSymbols.framework/Versions/A/DebugSymbols
0x000000003601e000 	/System/Library/PrivateFrameworks/CoreSymbolication.framework/Versions/A/CoreSymbolication
0x000000003601e000 	/System/Library/PrivateFrameworks/Symbolication.framework/Versions/A/Symbolication
0x000000003601e000 	/System/Library/PrivateFrameworks/AppleFSCompression.framework/Versions/A/AppleFSCompression
0x000000003601e000 	/System/Library/PrivateFrameworks/SpeechRecognitionCore.framework/Versions/A/SpeechRecognitionCore
0x000000003601e000 	/System/Library/PrivateFrameworks/ChunkingLibrary.framework/Versions/A/ChunkingLibrary
0x000000010d600000 	/Library/Java/JavaVirtualMachines/jdk1.8.0_111.jdk/Contents/Home/jre/lib/server/libjvm.dylib
0x000000003601e000 	/usr/lib/libstdc++.6.dylib
0x000000010c4a2000 	/Library/Java/JavaVirtualMachines/jdk1.8.0_111.jdk/Contents/Home/jre/lib/libverify.dylib
0x000000010c4b0000 	/Library/Java/JavaVirtualMachines/jdk1.8.0_111.jdk/Contents/Home/jre/lib/libjava.dylib
0x000000010c4ef000 	/Library/Java/JavaVirtualMachines/jdk1.8.0_111.jdk/Contents/Home/jre/lib/libzip.dylib
0x0000000112564000 	/System/Library/Frameworks/JavaVM.framework/Frameworks/JavaRuntimeSupport.framework/JavaRuntimeSupport
0x000000011257e000 	/System/Library/Frameworks/JavaVM.framework/Versions/A/Frameworks/JavaNativeFoundation.framework/Versions/A/JavaNativeFoundation
0x000000010c5ec000 	/System/Library/Frameworks/JavaVM.framework/Versions/A/JavaVM
0x000000003601e000 	/System/Library/Frameworks/Carbon.framework/Versions/A/Carbon
0x0000000112593000 	/System/Library/PrivateFrameworks/JavaLaunching.framework/Versions/A/JavaLaunching
0x000000003601e000 	/System/Library/Frameworks/Carbon.framework/Versions/A/Frameworks/CommonPanels.framework/Versions/A/CommonPanels
0x000000003601e000 	/System/Library/Frameworks/Carbon.framework/Versions/A/Frameworks/Help.framework/Versions/A/Help
0x000000003601e000 	/System/Library/Frameworks/Carbon.framework/Versions/A/Frameworks/ImageCapture.framework/Versions/A/ImageCapture
0x000000003601e000 	/System/Library/Frameworks/Carbon.framework/Versions/A/Frameworks/OpenScripting.framework/Versions/A/OpenScripting
0x000000003601e000 	/System/Library/Frameworks/Carbon.framework/Versions/A/Frameworks/Print.framework/Versions/A/Print
0x000000003601e000 	/System/Library/Frameworks/Carbon.framework/Versions/A/Frameworks/SecurityHI.framework/Versions/A/SecurityHI
0x0000000113ecb000 	/Library/Java/JavaVirtualMachines/jdk1.8.0_111.jdk/Contents/Home/jre/lib/libawt.dylib
0x0000000113f73000 	/Library/Java/JavaVirtualMachines/jdk1.8.0_111.jdk/Contents/Home/jre/lib/./libmlib_image.dylib
0x000000011403f000 	/Library/Java/JavaVirtualMachines/jdk1.8.0_111.jdk/Contents/Home/jre/lib/libawt_lwawt.dylib
0x00000001140f4000 	/Library/Java/JavaVirtualMachines/jdk1.8.0_111.jdk/Contents/Home/jre/lib/./libosxapp.dylib
0x000000003601e000 	/System/Library/Frameworks/ExceptionHandling.framework/Versions/A/ExceptionHandling
0x000000003601e000 	/System/Library/PrivateFrameworks/CoreServicesInternal.framework/Versions/A/CoreServicesInternal
0x000000003601e000 	/System/Library/CoreServices/RawCamera.bundle/Contents/MacOS/RawCamera
0x000000003601e000 	/System/Library/Frameworks/Accelerate.framework/Versions/A/Frameworks/vImage.framework/Versions/A/Libraries/libCGInterfaces.dylib
0x000000003601e000 	/System/Library/Frameworks/ApplicationServices.framework/Versions/A/Frameworks/ATS.framework/Versions/A/Resources/libTrueTypeScaler.dylib
0x000000003601e000 	/System/Library/Frameworks/OpenGL.framework/Versions/A/Resources/GLEngine.bundle/GLEngine
0x000000003601e000 	/System/Library/Frameworks/OpenGL.framework/Versions/A/Libraries/libGLProgrammability.dylib
0x0000000116288000 	/System/Library/Extensions/AppleIntelHD5000GraphicsGLDriver.bundle/Contents/MacOS/AppleIntelHD5000GraphicsGLDriver
0x000000003601e000 	/System/Library/PrivateFrameworks/GPUSupport.framework/Versions/A/Libraries/libGPUSupportMercury.dylib
0x0000000116a0a000 	/System/Library/Extensions/AMDRadeonX4000GLDriver.bundle/Contents/MacOS/AMDRadeonX4000GLDriver
0x0000000116add000 	/System/Library/Extensions/AMDRadeonX4000GLDriver.bundle/Contents/MacOS/ATIRadeonX4000SCLib.dylib
0x000000003601e000 	/System/Library/Frameworks/OpenGL.framework/Versions/A/Resources/GLRendererFloat.bundle/GLRendererFloat
0x000000003601e000 	/System/Library/Frameworks/OpenCL.framework/Versions/A/Libraries/libcldcpuengine.dylib
0x000000003601e000 	/usr/lib/libcrypto.0.9.8.dylib
0x000000003601e000 	/System/Library/PrivateFrameworks/TrustEvaluationAgent.framework/Versions/A/TrustEvaluationAgent
0x000000003601e000 	/System/Library/Extensions/AMDMTLBronzeDriver.bundle/Contents/MacOS/AMDMTLBronzeDriver
0x000000003601e000 	/System/Library/PrivateFrameworks/IOAccelMemoryInfo.framework/Versions/A/IOAccelMemoryInfo
0x000000011703e000 	/System/Library/Extensions/AppleIntelHD5000GraphicsMTLDriver.bundle/Contents/MacOS/AppleIntelHD5000GraphicsMTLDriver
0x000000003601e000 	/System/Library/PrivateFrameworks/FamilyControls.framework/Versions/A/FamilyControls
0x000000003601e000 	/System/Library/PrivateFrameworks/CommerceKit.framework/Versions/A/Frameworks/CommerceCore.framework/Versions/A/CommerceCore
0x000000003601e000 	/System/Library/PrivateFrameworks/SystemAdministration.framework/Versions/A/SystemAdministration
0x000000003601e000 	/System/Library/PrivateFrameworks/AppContainer.framework/Versions/A/AppContainer
0x000000003601e000 	/System/Library/PrivateFrameworks/SecCodeWrapper.framework/Versions/A/SecCodeWrapper
0x000000003601e000 	/System/Library/Frameworks/DirectoryService.framework/Versions/A/DirectoryService
0x000000003601e000 	/System/Library/PrivateFrameworks/DiskImages.framework/Versions/A/DiskImages
0x000000003601e000 	/System/Library/PrivateFrameworks/LoginUIKit.framework/Versions/A/Frameworks/LoginUICore.framework/Versions/A/LoginUICore
0x000000003601e000 	/usr/lib/libCoreStorage.dylib
0x000000003601e000 	/usr/lib/libcsfde.dylib
0x000000003601e000 	/usr/lib/libodfde.dylib
0x000000003601e000 	/System/Library/Frameworks/DiscRecording.framework/Versions/A/DiscRecording
0x000000003601e000 	/usr/lib/libcurl.4.dylib
0x000000003601e000 	/System/Library/PrivateFrameworks/MediaKit.framework/Versions/A/MediaKit
0x000000003601e000 	/System/Library/PrivateFrameworks/ProtectedCloudStorage.framework/Versions/A/ProtectedCloudStorage
0x000000003601e000 	/System/Library/PrivateFrameworks/EFILogin.framework/Versions/A/EFILogin
0x000000003601e000 	/usr/lib/libutil.dylib
0x000000003601e000 	/System/Library/Frameworks/LDAP.framework/Versions/A/LDAP
0x000000003601e000 	/usr/lib/libsasl2.2.dylib
0x000000003601e000 	/System/Library/PrivateFrameworks/CoreDaemon.framework/Versions/B/CoreDaemon
0x000000003601e000 	/System/Library/PrivateFrameworks/AppleSRP.framework/Versions/A/AppleSRP
0x000000003601e000 	/System/Library/PrivateFrameworks/APFS.framework/Versions/A/APFS
0x000000012f51d000 	/Library/Java/JavaVirtualMachines/jdk1.8.0_111.jdk/Contents/Home/jre/lib/libfontmanager.dylib
0x000000012f584000 	/Users/kartiksoni/Documents/lwjgl-2.9.2/native/macosx/liblwjgl.dylib
0x0000000114aa6000 	/Library/Java/JavaVirtualMachines/jdk1.8.0_111.jdk/Contents/Home/jre/lib/libjawt.dylib

VM Arguments:
jvm_args: -Dfile.encoding=UTF-8 -Djava.library.path=/Users/kartiksoni/Documents/lwjgl-2.9.2/native/macosx 
java_command: cpp.cs445.project2.CppCs480Project2
java_class_path (initial): /Users/kartiksoni/Documents/lwjgl-2.9.2/jar/AppleJavaExtensions.jar:/Users/kartiksoni/Documents/lwjgl-2.9.2/jar/asm-debug-all.jar:/Users/kartiksoni/Documents/lwjgl-2.9.2/jar/jinput.jar:/Users/kartiksoni/Documents/lwjgl-2.9.2/jar/lwjgl-debug.jar:/Users/kartiksoni/Documents/lwjgl-2.9.2/jar/lwjgl.jar:/Users/kartiksoni/Documents/lwjgl-2.9.2/jar/lwjgl_test.jar:/Users/kartiksoni/Documents/lwjgl-2.9.2/jar/lwjgl_util.jar:/Users/kartiksoni/Documents/lwjgl-2.9.2/jar/lwjgl_util_applet.jar:/Users/kartiksoni/Documents/lwjgl-2.9.2/jar/lzma.jar:/Users/kartiksoni/NetBeansProjects/cpp.cs480.Project2/build/classes
Launcher Type: SUN_STANDARD

Environment Variables:
PATH=/usr/bin:/bin:/usr/sbin:/sbin
LD_LIBRARY_PATH=/Library/Java/JavaVirtualMachines/jdk1.8.0_111.jdk/Contents/Home/jre/lib/amd64:/Library/Java/JavaVirtualMachines/jdk1.8.0_111.jdk/Contents/Home/jre/lib/i386:
SHELL=/bin/bash

Signal Handlers:
SIGSEGV: [libjvm.dylib+0x5b03ed], sa_mask[0]=11111111011111110111111111111111, sa_flags=SA_ONSTACK|SA_RESTART|SA_SIGINFO
SIGBUS: [libjvm.dylib+0x5b03ed], sa_mask[0]=11111111011111110111111111111111, sa_flags=SA_RESTART|SA_SIGINFO
SIGFPE: [libjvm.dylib+0x48711c], sa_mask[0]=11111111011111110111111111111111, sa_flags=SA_RESTART|SA_SIGINFO
SIGPIPE: [libjvm.dylib+0x48711c], sa_mask[0]=11111111011111110111111111111111, sa_flags=SA_RESTART|SA_SIGINFO
SIGXFSZ: [libjvm.dylib+0x48711c], sa_mask[0]=11111111011111110111111111111111, sa_flags=SA_RESTART|SA_SIGINFO
SIGILL: [libjvm.dylib+0x48711c], sa_mask[0]=11111111011111110111111111111111, sa_flags=SA_RESTART|SA_SIGINFO
SIGUSR1: SIG_DFL, sa_mask[0]=00000000000000000000000000000000, sa_flags=none
SIGUSR2: [libjvm.dylib+0x486c3a], sa_mask[0]=00100000000000000000000000000000, sa_flags=SA_RESTART|SA_SIGINFO
SIGHUP: [libjvm.dylib+0x485211], sa_mask[0]=11111111011111110111111111111111, sa_flags=SA_RESTART|SA_SIGINFO
SIGINT: SIG_IGN, sa_mask[0]=00000000000000000000000000000000, sa_flags=none
SIGTERM: [libjvm.dylib+0x485211], sa_mask[0]=11111111011111110111111111111111, sa_flags=SA_RESTART|SA_SIGINFO
SIGQUIT: [libjvm.dylib+0x485211], sa_mask[0]=11111111011111110111111111111111, sa_flags=SA_RESTART|SA_SIGINFO


---------------  S Y S T E M  ---------------

OS:Bsduname:Darwin 16.0.0 Darwin Kernel Version 16.0.0: Mon Aug 29 17:56:20 PDT 2016; root:xnu-3789.1.32~3/RELEASE_X86_64 x86_64
rlimit: STACK 8192k, CORE 0k, NPROC 709, NOFILE 10240, AS infinity
load average:1.60 1.45 1.42

CPU:total 8 (4 cores per cpu, 2 threads per core) family 6 model 70 stepping 1, cmov, cx8, fxsr, mmx, sse, sse2, sse3, ssse3, sse4.1, sse4.2, popcnt, avx, avx2, aes, clmul, erms, lzcnt, ht, tsc, tscinvbit, bmi1, bmi2

Memory: 4k page, physical 16777216k(1710460k free)

/proc/meminfo:


vm_info: Java HotSpot(TM) 64-Bit Server VM (25.111-b14) for bsd-amd64 JRE (1.8.0_111-b14), built on Sep 22 2016 15:31:41 by "java_re" with gcc 4.2.1 (Based on Apple Inc. build 5658) (LLVM build 2336.11.00)

time: Tue Oct 25 12:58:38 2016
elapsed time: 60 seconds (0d 0h 1m 0s)

